-------------------------------------------------------------------------------
Test set: com.animeapi.service.EpisodeServiceTest
-------------------------------------------------------------------------------
Tests run: 8, Failures: 0, Errors: 8, Skipped: 0, Time elapsed: 0.077 s <<< FAILURE! -- in com.animeapi.service.EpisodeServiceTest
com.animeapi.service.EpisodeServiceTest.findById_ShouldThrow_WhenNotFound -- Time elapsed: 0.054 s <<< ERROR!
org.mockito.exceptions.misusing.InjectMocksException: 

Cannot instantiate @InjectMocks field named 'episodeService' of type 'class com.animeapi.service.EpisodeService'.
You haven't provided the instance at field declaration so I tried to construct the instance.
However the constructor or the initialization block threw an exception : Unresolved compilation problems: 
	The blank final field episodeRepository may not have been initialized
	The blank final field animeRepository may not have been initialized
	The blank final field storageService may not have been initialized
	The method getSeasonNumber() is undefined for the type EpisodeRequest
	The method getEpisodeNumber() is undefined for the type EpisodeRequest
	The method getSeasonNumber() is undefined for the type EpisodeRequest
	The method getEpisodeNumber() is undefined for the type EpisodeRequest
	The method builder() is undefined for the type Episode
	The method getTitle() is undefined for the type EpisodeRequest
	The method getEpisodeNumber() is undefined for the type EpisodeRequest
	The method getSeasonNumber() is undefined for the type EpisodeRequest
	The method getSynopsis() is undefined for the type EpisodeRequest
	The method getDurationSeconds() is undefined for the type EpisodeRequest
	The method isPublished() is undefined for the type EpisodeRequest
	log cannot be resolved
	The method getSeasonNumber() is undefined for the type EpisodeRequest
	The method getEpisodeNumber() is undefined for the type EpisodeRequest
	The method getTitle() is undefined for the type EpisodeRequest
	The method getSynopsis() is undefined for the type EpisodeRequest
	The method getDurationSeconds() is undefined for the type EpisodeRequest
	The method isPublished() is undefined for the type EpisodeRequest
	log cannot be resolved
	The method getThumbnailUrl() is undefined for the type Episode
	The method getThumbnailUrl() is undefined for the type Episode
	The method setThumbnailUrl(String) is undefined for the type Episode
	log cannot be resolved
	The method getVideoFilename() is undefined for the type Episode
	The method getVideoFilename() is undefined for the type Episode
	The method getThumbnailUrl() is undefined for the type Episode
	The method getThumbnailUrl() is undefined for the type Episode
	log cannot be resolved
	The method getId() is undefined for the type Episode
	The method getAnime() is undefined for the type Episode
	The method getAnime() is undefined for the type Episode
	The method getTitle() is undefined for the type Episode
	The method getEpisodeNumber() is undefined for the type Episode
	The method getSeasonNumber() is undefined for the type Episode
	The method getSynopsis() is undefined for the type Episode
	The method getDurationSeconds() is undefined for the type Episode
	The method getThumbnailUrl() is undefined for the type Episode
	The method getThumbnailUrl() is undefined for the type Episode
	The method getVideoStatus() is undefined for the type Episode
	The method getViews() is undefined for the type Episode
	The method isPublished() is undefined for the type Episode
	The method getCreatedAt() is undefined for the type Episode
	The method getUpdatedAt() is undefined for the type Episode
	The method getVideoFilename() is undefined for the type Episode
	The method getId() is undefined for the type Episode


	at org.mockito.junit.jupiter.MockitoExtension.beforeEach(MockitoExtension.java:159)
	at java.base/java.util.ArrayList.forEach(ArrayList.java:1511)
	at java.base/java.util.ArrayList.forEach(ArrayList.java:1511)
	Suppressed: java.lang.NullPointerException: Cannot invoke "java.util.Set.forEach(java.util.function.Consumer)" because the return value of "org.junit.jupiter.api.extension.ExtensionContext$Store.remove(Object, java.lang.Class)" is null
		at org.mockito.junit.jupiter.MockitoExtension.afterEach(MockitoExtension.java:190)
		... 2 more
Caused by: java.lang.Error: Unresolved compilation problems: 
	The blank final field episodeRepository may not have been initialized
	The blank final field animeRepository may not have been initialized
	The blank final field storageService may not have been initialized
	The method getSeasonNumber() is undefined for the type EpisodeRequest
	The method getEpisodeNumber() is undefined for the type EpisodeRequest
	The method getSeasonNumber() is undefined for the type EpisodeRequest
	The method getEpisodeNumber() is undefined for the type EpisodeRequest
	The method builder() is undefined for the type Episode
	The method getTitle() is undefined for the type EpisodeRequest
	The method getEpisodeNumber() is undefined for the type EpisodeRequest
	The method getSeasonNumber() is undefined for the type EpisodeRequest
	The method getSynopsis() is undefined for the type EpisodeRequest
	The method getDurationSeconds() is undefined for the type EpisodeRequest
	The method isPublished() is undefined for the type EpisodeRequest
	log cannot be resolved
	The method getSeasonNumber() is undefined for the type EpisodeRequest
	The method getEpisodeNumber() is undefined for the type EpisodeRequest
	The method getTitle() is undefined for the type EpisodeRequest
	The method getSynopsis() is undefined for the type EpisodeRequest
	The method getDurationSeconds() is undefined for the type EpisodeRequest
	The method isPublished() is undefined for the type EpisodeRequest
	log cannot be resolved
	The method getThumbnailUrl() is undefined for the type Episode
	The method getThumbnailUrl() is undefined for the type Episode
	The method setThumbnailUrl(String) is undefined for the type Episode
	log cannot be resolved
	The method getVideoFilename() is undefined for the type Episode
	The method getVideoFilename() is undefined for the type Episode
	The method getThumbnailUrl() is undefined for the type Episode
	The method getThumbnailUrl() is undefined for the type Episode
	log cannot be resolved
	The method getId() is undefined for the type Episode
	The method getAnime() is undefined for the type Episode
	The method getAnime() is undefined for the type Episode
	The method getTitle() is undefined for the type Episode
	The method getEpisodeNumber() is undefined for the type Episode
	The method getSeasonNumber() is undefined for the type Episode
	The method getSynopsis() is undefined for the type Episode
	The method getDurationSeconds() is undefined for the type Episode
	The method getThumbnailUrl() is undefined for the type Episode
	The method getThumbnailUrl() is undefined for the type Episode
	The method getVideoStatus() is undefined for the type Episode
	The method getViews() is undefined for the type Episode
	The method isPublished() is undefined for the type Episode
	The method getCreatedAt() is undefined for the type Episode
	The method getUpdatedAt() is undefined for the type Episode
	The method getVideoFilename() is undefined for the type Episode
	The method getId() is undefined for the type Episode

	at com.animeapi.service.EpisodeService.<init>(EpisodeService.java:27)
	at java.base/java.lang.invoke.MethodHandle.invokeWithArguments(MethodHandle.java:732)
	at org.mockito.internal.util.reflection.InstrumentationMemberAccessor$Dispatcher$ByteBuddy$mTOQuAom.invokeWithArguments(Unknown Source)
	at org.mockito.internal.util.reflection.InstrumentationMemberAccessor.lambda$newInstance$0(InstrumentationMemberAccessor.java:199)
	at org.mockito.internal.util.reflection.InstrumentationMemberAccessor.newInstance(InstrumentationMemberAccessor.java:188)
	at org.mockito.internal.util.reflection.InstrumentationMemberAccessor.newInstance(InstrumentationMemberAccessor.java:161)
	at org.mockito.internal.util.reflection.ModuleMemberAccessor.newInstance(ModuleMemberAccessor.java:42)
	at org.mockito.internal.util.reflection.FieldInitializer$NoArgConstructorInstantiator.instantiate(FieldInitializer.java:203)
	at org.mockito.internal.util.reflection.FieldInitializer.acquireFieldInstance(FieldInitializer.java:146)
	at org.mockito.internal.util.reflection.FieldInitializer.initialize(FieldInitializer.java:91)
	at org.mockito.internal.configuration.injection.PropertyAndSetterInjection.initializeInjectMocksField(PropertyAndSetterInjection.java:93)
	at org.mockito.internal.configuration.injection.PropertyAndSetterInjection.processInjection(PropertyAndSetterInjection.java:73)
	at org.mockito.internal.configuration.injection.MockInjectionStrategy.process(MockInjectionStrategy.java:68)
	at org.mockito.internal.configuration.injection.MockInjectionStrategy.relayProcessToNextStrategy(MockInjectionStrategy.java:91)
	at org.mockito.internal.configuration.injection.MockInjectionStrategy.process(MockInjectionStrategy.java:71)
	at org.mockito.internal.configuration.injection.MockInjectionStrategy.relayProcessToNextStrategy(MockInjectionStrategy.java:91)
	at org.mockito.internal.configuration.injection.MockInjectionStrategy.process(MockInjectionStrategy.java:71)
	at org.mockito.internal.configuration.injection.MockInjection$OngoingMockInjection.apply(MockInjection.java:88)
	at org.mockito.internal.configuration.DefaultInjectionEngine.injectMocksOnFields(DefaultInjectionEngine.java:26)
	at org.mockito.internal.configuration.InjectingAnnotationEngine.injectCloseableMocks(InjectingAnnotationEngine.java:107)
	at org.mockito.internal.configuration.InjectingAnnotationEngine.process(InjectingAnnotationEngine.java:48)
	at org.mockito.MockitoAnnotations.openMocks(MockitoAnnotations.java:81)
	at org.mockito.internal.framework.DefaultMockitoSession.<init>(DefaultMockitoSession.java:43)
	at org.mockito.internal.session.DefaultMockitoSessionBuilder.startMocking(DefaultMockitoSessionBuilder.java:83)
	... 3 more

com.animeapi.service.EpisodeServiceTest.delete_ShouldDeleteEpisode_WhenExists -- Time elapsed: 0.002 s <<< ERROR!
org.mockito.exceptions.misusing.InjectMocksException: 

Cannot instantiate @InjectMocks field named 'episodeService' of type 'class com.animeapi.service.EpisodeService'.
You haven't provided the instance at field declaration so I tried to construct the instance.
However the constructor or the initialization block threw an exception : Unresolved compilation problems: 
	The blank final field episodeRepository may not have been initialized
	The blank final field animeRepository may not have been initialized
	The blank final field storageService may not have been initialized
	The method getSeasonNumber() is undefined for the type EpisodeRequest
	The method getEpisodeNumber() is undefined for the type EpisodeRequest
	The method getSeasonNumber() is undefined for the type EpisodeRequest
	The method getEpisodeNumber() is undefined for the type EpisodeRequest
	The method builder() is undefined for the type Episode
	The method getTitle() is undefined for the type EpisodeRequest
	The method getEpisodeNumber() is undefined for the type EpisodeRequest
	The method getSeasonNumber() is undefined for the type EpisodeRequest
	The method getSynopsis() is undefined for the type EpisodeRequest
	The method getDurationSeconds() is undefined for the type EpisodeRequest
	The method isPublished() is undefined for the type EpisodeRequest
	log cannot be resolved
	The method getSeasonNumber() is undefined for the type EpisodeRequest
	The method getEpisodeNumber() is undefined for the type EpisodeRequest
	The method getTitle() is undefined for the type EpisodeRequest
	The method getSynopsis() is undefined for the type EpisodeRequest
	The method getDurationSeconds() is undefined for the type EpisodeRequest
	The method isPublished() is undefined for the type EpisodeRequest
	log cannot be resolved
	The method getThumbnailUrl() is undefined for the type Episode
	The method getThumbnailUrl() is undefined for the type Episode
	The method setThumbnailUrl(String) is undefined for the type Episode
	log cannot be resolved
	The method getVideoFilename() is undefined for the type Episode
	The method getVideoFilename() is undefined for the type Episode
	The method getThumbnailUrl() is undefined for the type Episode
	The method getThumbnailUrl() is undefined for the type Episode
	log cannot be resolved
	The method getId() is undefined for the type Episode
	The method getAnime() is undefined for the type Episode
	The method getAnime() is undefined for the type Episode
	The method getTitle() is undefined for the type Episode
	The method getEpisodeNumber() is undefined for the type Episode
	The method getSeasonNumber() is undefined for the type Episode
	The method getSynopsis() is undefined for the type Episode
	The method getDurationSeconds() is undefined for the type Episode
	The method getThumbnailUrl() is undefined for the type Episode
	The method getThumbnailUrl() is undefined for the type Episode
	The method getVideoStatus() is undefined for the type Episode
	The method getViews() is undefined for the type Episode
	The method isPublished() is undefined for the type Episode
	The method getCreatedAt() is undefined for the type Episode
	The method getUpdatedAt() is undefined for the type Episode
	The method getVideoFilename() is undefined for the type Episode
	The method getId() is undefined for the type Episode


	at org.mockito.junit.jupiter.MockitoExtension.beforeEach(MockitoExtension.java:159)
	at java.base/java.util.ArrayList.forEach(ArrayList.java:1511)
	at java.base/java.util.ArrayList.forEach(ArrayList.java:1511)
	Suppressed: java.lang.NullPointerException: Cannot invoke "java.util.Set.forEach(java.util.function.Consumer)" because the return value of "org.junit.jupiter.api.extension.ExtensionContext$Store.remove(Object, java.lang.Class)" is null
		at org.mockito.junit.jupiter.MockitoExtension.afterEach(MockitoExtension.java:190)
		... 2 more
Caused by: java.lang.Error: Unresolved compilation problems: 
	The blank final field episodeRepository may not have been initialized
	The blank final field animeRepository may not have been initialized
	The blank final field storageService may not have been initialized
	The method getSeasonNumber() is undefined for the type EpisodeRequest
	The method getEpisodeNumber() is undefined for the type EpisodeRequest
	The method getSeasonNumber() is undefined for the type EpisodeRequest
	The method getEpisodeNumber() is undefined for the type EpisodeRequest
	The method builder() is undefined for the type Episode
	The method getTitle() is undefined for the type EpisodeRequest
	The method getEpisodeNumber() is undefined for the type EpisodeRequest
	The method getSeasonNumber() is undefined for the type EpisodeRequest
	The method getSynopsis() is undefined for the type EpisodeRequest
	The method getDurationSeconds() is undefined for the type EpisodeRequest
	The method isPublished() is undefined for the type EpisodeRequest
	log cannot be resolved
	The method getSeasonNumber() is undefined for the type EpisodeRequest
	The method getEpisodeNumber() is undefined for the type EpisodeRequest
	The method getTitle() is undefined for the type EpisodeRequest
	The method getSynopsis() is undefined for the type EpisodeRequest
	The method getDurationSeconds() is undefined for the type EpisodeRequest
	The method isPublished() is undefined for the type EpisodeRequest
	log cannot be resolved
	The method getThumbnailUrl() is undefined for the type Episode
	The method getThumbnailUrl() is undefined for the type Episode
	The method setThumbnailUrl(String) is undefined for the type Episode
	log cannot be resolved
	The method getVideoFilename() is undefined for the type Episode
	The method getVideoFilename() is undefined for the type Episode
	The method getThumbnailUrl() is undefined for the type Episode
	The method getThumbnailUrl() is undefined for the type Episode
	log cannot be resolved
	The method getId() is undefined for the type Episode
	The method getAnime() is undefined for the type Episode
	The method getAnime() is undefined for the type Episode
	The method getTitle() is undefined for the type Episode
	The method getEpisodeNumber() is undefined for the type Episode
	The method getSeasonNumber() is undefined for the type Episode
	The method getSynopsis() is undefined for the type Episode
	The method getDurationSeconds() is undefined for the type Episode
	The method getThumbnailUrl() is undefined for the type Episode
	The method getThumbnailUrl() is undefined for the type Episode
	The method getVideoStatus() is undefined for the type Episode
	The method getViews() is undefined for the type Episode
	The method isPublished() is undefined for the type Episode
	The method getCreatedAt() is undefined for the type Episode
	The method getUpdatedAt() is undefined for the type Episode
	The method getVideoFilename() is undefined for the type Episode
	The method getId() is undefined for the type Episode

	at com.animeapi.service.EpisodeService.<init>(EpisodeService.java:27)
	at java.base/java.lang.invoke.MethodHandle.invokeWithArguments(MethodHandle.java:732)
	at org.mockito.internal.util.reflection.InstrumentationMemberAccessor$Dispatcher$ByteBuddy$mTOQuAom.invokeWithArguments(Unknown Source)
	at org.mockito.internal.util.reflection.InstrumentationMemberAccessor.lambda$newInstance$0(InstrumentationMemberAccessor.java:199)
	at org.mockito.internal.util.reflection.InstrumentationMemberAccessor.newInstance(InstrumentationMemberAccessor.java:188)
	at org.mockito.internal.util.reflection.InstrumentationMemberAccessor.newInstance(InstrumentationMemberAccessor.java:161)
	at org.mockito.internal.util.reflection.ModuleMemberAccessor.newInstance(ModuleMemberAccessor.java:42)
	at org.mockito.internal.util.reflection.FieldInitializer$NoArgConstructorInstantiator.instantiate(FieldInitializer.java:203)
	at org.mockito.internal.util.reflection.FieldInitializer.acquireFieldInstance(FieldInitializer.java:146)
	at org.mockito.internal.util.reflection.FieldInitializer.initialize(FieldInitializer.java:91)
	at org.mockito.internal.configuration.injection.PropertyAndSetterInjection.initializeInjectMocksField(PropertyAndSetterInjection.java:93)
	at org.mockito.internal.configuration.injection.PropertyAndSetterInjection.processInjection(PropertyAndSetterInjection.java:73)
	at org.mockito.internal.configuration.injection.MockInjectionStrategy.process(MockInjectionStrategy.java:68)
	at org.mockito.internal.configuration.injection.MockInjectionStrategy.relayProcessToNextStrategy(MockInjectionStrategy.java:91)
	at org.mockito.internal.configuration.injection.MockInjectionStrategy.process(MockInjectionStrategy.java:71)
	at org.mockito.internal.configuration.injection.MockInjectionStrategy.relayProcessToNextStrategy(MockInjectionStrategy.java:91)
	at org.mockito.internal.configuration.injection.MockInjectionStrategy.process(MockInjectionStrategy.java:71)
	at org.mockito.internal.configuration.injection.MockInjection$OngoingMockInjection.apply(MockInjection.java:88)
	at org.mockito.internal.configuration.DefaultInjectionEngine.injectMocksOnFields(DefaultInjectionEngine.java:26)
	at org.mockito.internal.configuration.InjectingAnnotationEngine.injectCloseableMocks(InjectingAnnotationEngine.java:107)
	at org.mockito.internal.configuration.InjectingAnnotationEngine.process(InjectingAnnotationEngine.java:48)
	at org.mockito.MockitoAnnotations.openMocks(MockitoAnnotations.java:81)
	at org.mockito.internal.framework.DefaultMockitoSession.<init>(DefaultMockitoSession.java:43)
	at org.mockito.internal.session.DefaultMockitoSessionBuilder.startMocking(DefaultMockitoSessionBuilder.java:83)
	... 3 more

com.animeapi.service.EpisodeServiceTest.create_ShouldThrow_WhenEpisodeAlreadyExists -- Time elapsed: 0.002 s <<< ERROR!
org.mockito.exceptions.misusing.InjectMocksException: 

Cannot instantiate @InjectMocks field named 'episodeService' of type 'class com.animeapi.service.EpisodeService'.
You haven't provided the instance at field declaration so I tried to construct the instance.
However the constructor or the initialization block threw an exception : Unresolved compilation problems: 
	The blank final field episodeRepository may not have been initialized
	The blank final field animeRepository may not have been initialized
	The blank final field storageService may not have been initialized
	The method getSeasonNumber() is undefined for the type EpisodeRequest
	The method getEpisodeNumber() is undefined for the type EpisodeRequest
	The method getSeasonNumber() is undefined for the type EpisodeRequest
	The method getEpisodeNumber() is undefined for the type EpisodeRequest
	The method builder() is undefined for the type Episode
	The method getTitle() is undefined for the type EpisodeRequest
	The method getEpisodeNumber() is undefined for the type EpisodeRequest
	The method getSeasonNumber() is undefined for the type EpisodeRequest
	The method getSynopsis() is undefined for the type EpisodeRequest
	The method getDurationSeconds() is undefined for the type EpisodeRequest
	The method isPublished() is undefined for the type EpisodeRequest
	log cannot be resolved
	The method getSeasonNumber() is undefined for the type EpisodeRequest
	The method getEpisodeNumber() is undefined for the type EpisodeRequest
	The method getTitle() is undefined for the type EpisodeRequest
	The method getSynopsis() is undefined for the type EpisodeRequest
	The method getDurationSeconds() is undefined for the type EpisodeRequest
	The method isPublished() is undefined for the type EpisodeRequest
	log cannot be resolved
	The method getThumbnailUrl() is undefined for the type Episode
	The method getThumbnailUrl() is undefined for the type Episode
	The method setThumbnailUrl(String) is undefined for the type Episode
	log cannot be resolved
	The method getVideoFilename() is undefined for the type Episode
	The method getVideoFilename() is undefined for the type Episode
	The method getThumbnailUrl() is undefined for the type Episode
	The method getThumbnailUrl() is undefined for the type Episode
	log cannot be resolved
	The method getId() is undefined for the type Episode
	The method getAnime() is undefined for the type Episode
	The method getAnime() is undefined for the type Episode
	The method getTitle() is undefined for the type Episode
	The method getEpisodeNumber() is undefined for the type Episode
	The method getSeasonNumber() is undefined for the type Episode
	The method getSynopsis() is undefined for the type Episode
	The method getDurationSeconds() is undefined for the type Episode
	The method getThumbnailUrl() is undefined for the type Episode
	The method getThumbnailUrl() is undefined for the type Episode
	The method getVideoStatus() is undefined for the type Episode
	The method getViews() is undefined for the type Episode
	The method isPublished() is undefined for the type Episode
	The method getCreatedAt() is undefined for the type Episode
	The method getUpdatedAt() is undefined for the type Episode
	The method getVideoFilename() is undefined for the type Episode
	The method getId() is undefined for the type Episode


	at org.mockito.junit.jupiter.MockitoExtension.beforeEach(MockitoExtension.java:159)
	at java.base/java.util.ArrayList.forEach(ArrayList.java:1511)
	at java.base/java.util.ArrayList.forEach(ArrayList.java:1511)
	Suppressed: java.lang.NullPointerException: Cannot invoke "java.util.Set.forEach(java.util.function.Consumer)" because the return value of "org.junit.jupiter.api.extension.ExtensionContext$Store.remove(Object, java.lang.Class)" is null
		at org.mockito.junit.jupiter.MockitoExtension.afterEach(MockitoExtension.java:190)
		... 2 more
Caused by: java.lang.Error: Unresolved compilation problems: 
	The blank final field episodeRepository may not have been initialized
	The blank final field animeRepository may not have been initialized
	The blank final field storageService may not have been initialized
	The method getSeasonNumber() is undefined for the type EpisodeRequest
	The method getEpisodeNumber() is undefined for the type EpisodeRequest
	The method getSeasonNumber() is undefined for the type EpisodeRequest
	The method getEpisodeNumber() is undefined for the type EpisodeRequest
	The method builder() is undefined for the type Episode
	The method getTitle() is undefined for the type EpisodeRequest
	The method getEpisodeNumber() is undefined for the type EpisodeRequest
	The method getSeasonNumber() is undefined for the type EpisodeRequest
	The method getSynopsis() is undefined for the type EpisodeRequest
	The method getDurationSeconds() is undefined for the type EpisodeRequest
	The method isPublished() is undefined for the type EpisodeRequest
	log cannot be resolved
	The method getSeasonNumber() is undefined for the type EpisodeRequest
	The method getEpisodeNumber() is undefined for the type EpisodeRequest
	The method getTitle() is undefined for the type EpisodeRequest
	The method getSynopsis() is undefined for the type EpisodeRequest
	The method getDurationSeconds() is undefined for the type EpisodeRequest
	The method isPublished() is undefined for the type EpisodeRequest
	log cannot be resolved
	The method getThumbnailUrl() is undefined for the type Episode
	The method getThumbnailUrl() is undefined for the type Episode
	The method setThumbnailUrl(String) is undefined for the type Episode
	log cannot be resolved
	The method getVideoFilename() is undefined for the type Episode
	The method getVideoFilename() is undefined for the type Episode
	The method getThumbnailUrl() is undefined for the type Episode
	The method getThumbnailUrl() is undefined for the type Episode
	log cannot be resolved
	The method getId() is undefined for the type Episode
	The method getAnime() is undefined for the type Episode
	The method getAnime() is undefined for the type Episode
	The method getTitle() is undefined for the type Episode
	The method getEpisodeNumber() is undefined for the type Episode
	The method getSeasonNumber() is undefined for the type Episode
	The method getSynopsis() is undefined for the type Episode
	The method getDurationSeconds() is undefined for the type Episode
	The method getThumbnailUrl() is undefined for the type Episode
	The method getThumbnailUrl() is undefined for the type Episode
	The method getVideoStatus() is undefined for the type Episode
	The method getViews() is undefined for the type Episode
	The method isPublished() is undefined for the type Episode
	The method getCreatedAt() is undefined for the type Episode
	The method getUpdatedAt() is undefined for the type Episode
	The method getVideoFilename() is undefined for the type Episode
	The method getId() is undefined for the type Episode

	at com.animeapi.service.EpisodeService.<init>(EpisodeService.java:27)
	at java.base/java.lang.invoke.MethodHandle.invokeWithArguments(MethodHandle.java:732)
	at org.mockito.internal.util.reflection.InstrumentationMemberAccessor$Dispatcher$ByteBuddy$mTOQuAom.invokeWithArguments(Unknown Source)
	at org.mockito.internal.util.reflection.InstrumentationMemberAccessor.lambda$newInstance$0(InstrumentationMemberAccessor.java:199)
	at org.mockito.internal.util.reflection.InstrumentationMemberAccessor.newInstance(InstrumentationMemberAccessor.java:188)
	at org.mockito.internal.util.reflection.InstrumentationMemberAccessor.newInstance(InstrumentationMemberAccessor.java:161)
	at org.mockito.internal.util.reflection.ModuleMemberAccessor.newInstance(ModuleMemberAccessor.java:42)
	at org.mockito.internal.util.reflection.FieldInitializer$NoArgConstructorInstantiator.instantiate(FieldInitializer.java:203)
	at org.mockito.internal.util.reflection.FieldInitializer.acquireFieldInstance(FieldInitializer.java:146)
	at org.mockito.internal.util.reflection.FieldInitializer.initialize(FieldInitializer.java:91)
	at org.mockito.internal.configuration.injection.PropertyAndSetterInjection.initializeInjectMocksField(PropertyAndSetterInjection.java:93)
	at org.mockito.internal.configuration.injection.PropertyAndSetterInjection.processInjection(PropertyAndSetterInjection.java:73)
	at org.mockito.internal.configuration.injection.MockInjectionStrategy.process(MockInjectionStrategy.java:68)
	at org.mockito.internal.configuration.injection.MockInjectionStrategy.relayProcessToNextStrategy(MockInjectionStrategy.java:91)
	at org.mockito.internal.configuration.injection.MockInjectionStrategy.process(MockInjectionStrategy.java:71)
	at org.mockito.internal.configuration.injection.MockInjectionStrategy.relayProcessToNextStrategy(MockInjectionStrategy.java:91)
	at org.mockito.internal.configuration.injection.MockInjectionStrategy.process(MockInjectionStrategy.java:71)
	at org.mockito.internal.configuration.injection.MockInjection$OngoingMockInjection.apply(MockInjection.java:88)
	at org.mockito.internal.configuration.DefaultInjectionEngine.injectMocksOnFields(DefaultInjectionEngine.java:26)
	at org.mockito.internal.configuration.InjectingAnnotationEngine.injectCloseableMocks(InjectingAnnotationEngine.java:107)
	at org.mockito.internal.configuration.InjectingAnnotationEngine.process(InjectingAnnotationEngine.java:48)
	at org.mockito.MockitoAnnotations.openMocks(MockitoAnnotations.java:81)
	at org.mockito.internal.framework.DefaultMockitoSession.<init>(DefaultMockitoSession.java:43)
	at org.mockito.internal.session.DefaultMockitoSessionBuilder.startMocking(DefaultMockitoSessionBuilder.java:83)
	... 3 more

com.animeapi.service.EpisodeServiceTest.create_ShouldThrow_WhenAnimeNotFound -- Time elapsed: 0.002 s <<< ERROR!
org.mockito.exceptions.misusing.InjectMocksException: 

Cannot instantiate @InjectMocks field named 'episodeService' of type 'class com.animeapi.service.EpisodeService'.
You haven't provided the instance at field declaration so I tried to construct the instance.
However the constructor or the initialization block threw an exception : Unresolved compilation problems: 
	The blank final field episodeRepository may not have been initialized
	The blank final field animeRepository may not have been initialized
	The blank final field storageService may not have been initialized
	The method getSeasonNumber() is undefined for the type EpisodeRequest
	The method getEpisodeNumber() is undefined for the type EpisodeRequest
	The method getSeasonNumber() is undefined for the type EpisodeRequest
	The method getEpisodeNumber() is undefined for the type EpisodeRequest
	The method builder() is undefined for the type Episode
	The method getTitle() is undefined for the type EpisodeRequest
	The method getEpisodeNumber() is undefined for the type EpisodeRequest
	The method getSeasonNumber() is undefined for the type EpisodeRequest
	The method getSynopsis() is undefined for the type EpisodeRequest
	The method getDurationSeconds() is undefined for the type EpisodeRequest
	The method isPublished() is undefined for the type EpisodeRequest
	log cannot be resolved
	The method getSeasonNumber() is undefined for the type EpisodeRequest
	The method getEpisodeNumber() is undefined for the type EpisodeRequest
	The method getTitle() is undefined for the type EpisodeRequest
	The method getSynopsis() is undefined for the type EpisodeRequest
	The method getDurationSeconds() is undefined for the type EpisodeRequest
	The method isPublished() is undefined for the type EpisodeRequest
	log cannot be resolved
	The method getThumbnailUrl() is undefined for the type Episode
	The method getThumbnailUrl() is undefined for the type Episode
	The method setThumbnailUrl(String) is undefined for the type Episode
	log cannot be resolved
	The method getVideoFilename() is undefined for the type Episode
	The method getVideoFilename() is undefined for the type Episode
	The method getThumbnailUrl() is undefined for the type Episode
	The method getThumbnailUrl() is undefined for the type Episode
	log cannot be resolved
	The method getId() is undefined for the type Episode
	The method getAnime() is undefined for the type Episode
	The method getAnime() is undefined for the type Episode
	The method getTitle() is undefined for the type Episode
	The method getEpisodeNumber() is undefined for the type Episode
	The method getSeasonNumber() is undefined for the type Episode
	The method getSynopsis() is undefined for the type Episode
	The method getDurationSeconds() is undefined for the type Episode
	The method getThumbnailUrl() is undefined for the type Episode
	The method getThumbnailUrl() is undefined for the type Episode
	The method getVideoStatus() is undefined for the type Episode
	The method getViews() is undefined for the type Episode
	The method isPublished() is undefined for the type Episode
	The method getCreatedAt() is undefined for the type Episode
	The method getUpdatedAt() is undefined for the type Episode
	The method getVideoFilename() is undefined for the type Episode
	The method getId() is undefined for the type Episode


	at org.mockito.junit.jupiter.MockitoExtension.beforeEach(MockitoExtension.java:159)
	at java.base/java.util.ArrayList.forEach(ArrayList.java:1511)
	at java.base/java.util.ArrayList.forEach(ArrayList.java:1511)
	Suppressed: java.lang.NullPointerException: Cannot invoke "java.util.Set.forEach(java.util.function.Consumer)" because the return value of "org.junit.jupiter.api.extension.ExtensionContext$Store.remove(Object, java.lang.Class)" is null
		at org.mockito.junit.jupiter.MockitoExtension.afterEach(MockitoExtension.java:190)
		... 2 more
Caused by: java.lang.Error: Unresolved compilation problems: 
	The blank final field episodeRepository may not have been initialized
	The blank final field animeRepository may not have been initialized
	The blank final field storageService may not have been initialized
	The method getSeasonNumber() is undefined for the type EpisodeRequest
	The method getEpisodeNumber() is undefined for the type EpisodeRequest
	The method getSeasonNumber() is undefined for the type EpisodeRequest
	The method getEpisodeNumber() is undefined for the type EpisodeRequest
	The method builder() is undefined for the type Episode
	The method getTitle() is undefined for the type EpisodeRequest
	The method getEpisodeNumber() is undefined for the type EpisodeRequest
	The method getSeasonNumber() is undefined for the type EpisodeRequest
	The method getSynopsis() is undefined for the type EpisodeRequest
	The method getDurationSeconds() is undefined for the type EpisodeRequest
	The method isPublished() is undefined for the type EpisodeRequest
	log cannot be resolved
	The method getSeasonNumber() is undefined for the type EpisodeRequest
	The method getEpisodeNumber() is undefined for the type EpisodeRequest
	The method getTitle() is undefined for the type EpisodeRequest
	The method getSynopsis() is undefined for the type EpisodeRequest
	The method getDurationSeconds() is undefined for the type EpisodeRequest
	The method isPublished() is undefined for the type EpisodeRequest
	log cannot be resolved
	The method getThumbnailUrl() is undefined for the type Episode
	The method getThumbnailUrl() is undefined for the type Episode
	The method setThumbnailUrl(String) is undefined for the type Episode
	log cannot be resolved
	The method getVideoFilename() is undefined for the type Episode
	The method getVideoFilename() is undefined for the type Episode
	The method getThumbnailUrl() is undefined for the type Episode
	The method getThumbnailUrl() is undefined for the type Episode
	log cannot be resolved
	The method getId() is undefined for the type Episode
	The method getAnime() is undefined for the type Episode
	The method getAnime() is undefined for the type Episode
	The method getTitle() is undefined for the type Episode
	The method getEpisodeNumber() is undefined for the type Episode
	The method getSeasonNumber() is undefined for the type Episode
	The method getSynopsis() is undefined for the type Episode
	The method getDurationSeconds() is undefined for the type Episode
	The method getThumbnailUrl() is undefined for the type Episode
	The method getThumbnailUrl() is undefined for the type Episode
	The method getVideoStatus() is undefined for the type Episode
	The method getViews() is undefined for the type Episode
	The method isPublished() is undefined for the type Episode
	The method getCreatedAt() is undefined for the type Episode
	The method getUpdatedAt() is undefined for the type Episode
	The method getVideoFilename() is undefined for the type Episode
	The method getId() is undefined for the type Episode

	at com.animeapi.service.EpisodeService.<init>(EpisodeService.java:27)
	at java.base/java.lang.invoke.MethodHandle.invokeWithArguments(MethodHandle.java:732)
	at org.mockito.internal.util.reflection.InstrumentationMemberAccessor$Dispatcher$ByteBuddy$mTOQuAom.invokeWithArguments(Unknown Source)
	at org.mockito.internal.util.reflection.InstrumentationMemberAccessor.lambda$newInstance$0(InstrumentationMemberAccessor.java:199)
	at org.mockito.internal.util.reflection.InstrumentationMemberAccessor.newInstance(InstrumentationMemberAccessor.java:188)
	at org.mockito.internal.util.reflection.InstrumentationMemberAccessor.newInstance(InstrumentationMemberAccessor.java:161)
	at org.mockito.internal.util.reflection.ModuleMemberAccessor.newInstance(ModuleMemberAccessor.java:42)
	at org.mockito.internal.util.reflection.FieldInitializer$NoArgConstructorInstantiator.instantiate(FieldInitializer.java:203)
	at org.mockito.internal.util.reflection.FieldInitializer.acquireFieldInstance(FieldInitializer.java:146)
	at org.mockito.internal.util.reflection.FieldInitializer.initialize(FieldInitializer.java:91)
	at org.mockito.internal.configuration.injection.PropertyAndSetterInjection.initializeInjectMocksField(PropertyAndSetterInjection.java:93)
	at org.mockito.internal.configuration.injection.PropertyAndSetterInjection.processInjection(PropertyAndSetterInjection.java:73)
	at org.mockito.internal.configuration.injection.MockInjectionStrategy.process(MockInjectionStrategy.java:68)
	at org.mockito.internal.configuration.injection.MockInjectionStrategy.relayProcessToNextStrategy(MockInjectionStrategy.java:91)
	at org.mockito.internal.configuration.injection.MockInjectionStrategy.process(MockInjectionStrategy.java:71)
	at org.mockito.internal.configuration.injection.MockInjectionStrategy.relayProcessToNextStrategy(MockInjectionStrategy.java:91)
	at org.mockito.internal.configuration.injection.MockInjectionStrategy.process(MockInjectionStrategy.java:71)
	at org.mockito.internal.configuration.injection.MockInjection$OngoingMockInjection.apply(MockInjection.java:88)
	at org.mockito.internal.configuration.DefaultInjectionEngine.injectMocksOnFields(DefaultInjectionEngine.java:26)
	at org.mockito.internal.configuration.InjectingAnnotationEngine.injectCloseableMocks(InjectingAnnotationEngine.java:107)
	at org.mockito.internal.configuration.InjectingAnnotationEngine.process(InjectingAnnotationEngine.java:48)
	at org.mockito.MockitoAnnotations.openMocks(MockitoAnnotations.java:81)
	at org.mockito.internal.framework.DefaultMockitoSession.<init>(DefaultMockitoSession.java:43)
	at org.mockito.internal.session.DefaultMockitoSessionBuilder.startMocking(DefaultMockitoSessionBuilder.java:83)
	... 3 more

com.animeapi.service.EpisodeServiceTest.create_ShouldSaveEpisode_WhenValid -- Time elapsed: 0.002 s <<< ERROR!
org.mockito.exceptions.misusing.InjectMocksException: 

Cannot instantiate @InjectMocks field named 'episodeService' of type 'class com.animeapi.service.EpisodeService'.
You haven't provided the instance at field declaration so I tried to construct the instance.
However the constructor or the initialization block threw an exception : Unresolved compilation problems: 
	The blank final field episodeRepository may not have been initialized
	The blank final field animeRepository may not have been initialized
	The blank final field storageService may not have been initialized
	The method getSeasonNumber() is undefined for the type EpisodeRequest
	The method getEpisodeNumber() is undefined for the type EpisodeRequest
	The method getSeasonNumber() is undefined for the type EpisodeRequest
	The method getEpisodeNumber() is undefined for the type EpisodeRequest
	The method builder() is undefined for the type Episode
	The method getTitle() is undefined for the type EpisodeRequest
	The method getEpisodeNumber() is undefined for the type EpisodeRequest
	The method getSeasonNumber() is undefined for the type EpisodeRequest
	The method getSynopsis() is undefined for the type EpisodeRequest
	The method getDurationSeconds() is undefined for the type EpisodeRequest
	The method isPublished() is undefined for the type EpisodeRequest
	log cannot be resolved
	The method getSeasonNumber() is undefined for the type EpisodeRequest
	The method getEpisodeNumber() is undefined for the type EpisodeRequest
	The method getTitle() is undefined for the type EpisodeRequest
	The method getSynopsis() is undefined for the type EpisodeRequest
	The method getDurationSeconds() is undefined for the type EpisodeRequest
	The method isPublished() is undefined for the type EpisodeRequest
	log cannot be resolved
	The method getThumbnailUrl() is undefined for the type Episode
	The method getThumbnailUrl() is undefined for the type Episode
	The method setThumbnailUrl(String) is undefined for the type Episode
	log cannot be resolved
	The method getVideoFilename() is undefined for the type Episode
	The method getVideoFilename() is undefined for the type Episode
	The method getThumbnailUrl() is undefined for the type Episode
	The method getThumbnailUrl() is undefined for the type Episode
	log cannot be resolved
	The method getId() is undefined for the type Episode
	The method getAnime() is undefined for the type Episode
	The method getAnime() is undefined for the type Episode
	The method getTitle() is undefined for the type Episode
	The method getEpisodeNumber() is undefined for the type Episode
	The method getSeasonNumber() is undefined for the type Episode
	The method getSynopsis() is undefined for the type Episode
	The method getDurationSeconds() is undefined for the type Episode
	The method getThumbnailUrl() is undefined for the type Episode
	The method getThumbnailUrl() is undefined for the type Episode
	The method getVideoStatus() is undefined for the type Episode
	The method getViews() is undefined for the type Episode
	The method isPublished() is undefined for the type Episode
	The method getCreatedAt() is undefined for the type Episode
	The method getUpdatedAt() is undefined for the type Episode
	The method getVideoFilename() is undefined for the type Episode
	The method getId() is undefined for the type Episode


	at org.mockito.junit.jupiter.MockitoExtension.beforeEach(MockitoExtension.java:159)
	at java.base/java.util.ArrayList.forEach(ArrayList.java:1511)
	at java.base/java.util.ArrayList.forEach(ArrayList.java:1511)
	Suppressed: java.lang.NullPointerException: Cannot invoke "java.util.Set.forEach(java.util.function.Consumer)" because the return value of "org.junit.jupiter.api.extension.ExtensionContext$Store.remove(Object, java.lang.Class)" is null
		at org.mockito.junit.jupiter.MockitoExtension.afterEach(MockitoExtension.java:190)
		... 2 more
Caused by: java.lang.Error: Unresolved compilation problems: 
	The blank final field episodeRepository may not have been initialized
	The blank final field animeRepository may not have been initialized
	The blank final field storageService may not have been initialized
	The method getSeasonNumber() is undefined for the type EpisodeRequest
	The method getEpisodeNumber() is undefined for the type EpisodeRequest
	The method getSeasonNumber() is undefined for the type EpisodeRequest
	The method getEpisodeNumber() is undefined for the type EpisodeRequest
	The method builder() is undefined for the type Episode
	The method getTitle() is undefined for the type EpisodeRequest
	The method getEpisodeNumber() is undefined for the type EpisodeRequest
	The method getSeasonNumber() is undefined for the type EpisodeRequest
	The method getSynopsis() is undefined for the type EpisodeRequest
	The method getDurationSeconds() is undefined for the type EpisodeRequest
	The method isPublished() is undefined for the type EpisodeRequest
	log cannot be resolved
	The method getSeasonNumber() is undefined for the type EpisodeRequest
	The method getEpisodeNumber() is undefined for the type EpisodeRequest
	The method getTitle() is undefined for the type EpisodeRequest
	The method getSynopsis() is undefined for the type EpisodeRequest
	The method getDurationSeconds() is undefined for the type EpisodeRequest
	The method isPublished() is undefined for the type EpisodeRequest
	log cannot be resolved
	The method getThumbnailUrl() is undefined for the type Episode
	The method getThumbnailUrl() is undefined for the type Episode
	The method setThumbnailUrl(String) is undefined for the type Episode
	log cannot be resolved
	The method getVideoFilename() is undefined for the type Episode
	The method getVideoFilename() is undefined for the type Episode
	The method getThumbnailUrl() is undefined for the type Episode
	The method getThumbnailUrl() is undefined for the type Episode
	log cannot be resolved
	The method getId() is undefined for the type Episode
	The method getAnime() is undefined for the type Episode
	The method getAnime() is undefined for the type Episode
	The method getTitle() is undefined for the type Episode
	The method getEpisodeNumber() is undefined for the type Episode
	The method getSeasonNumber() is undefined for the type Episode
	The method getSynopsis() is undefined for the type Episode
	The method getDurationSeconds() is undefined for the type Episode
	The method getThumbnailUrl() is undefined for the type Episode
	The method getThumbnailUrl() is undefined for the type Episode
	The method getVideoStatus() is undefined for the type Episode
	The method getViews() is undefined for the type Episode
	The method isPublished() is undefined for the type Episode
	The method getCreatedAt() is undefined for the type Episode
	The method getUpdatedAt() is undefined for the type Episode
	The method getVideoFilename() is undefined for the type Episode
	The method getId() is undefined for the type Episode

	at com.animeapi.service.EpisodeService.<init>(EpisodeService.java:27)
	at java.base/java.lang.invoke.MethodHandle.invokeWithArguments(MethodHandle.java:732)
	at org.mockito.internal.util.reflection.InstrumentationMemberAccessor$Dispatcher$ByteBuddy$mTOQuAom.invokeWithArguments(Unknown Source)
	at org.mockito.internal.util.reflection.InstrumentationMemberAccessor.lambda$newInstance$0(InstrumentationMemberAccessor.java:199)
	at org.mockito.internal.util.reflection.InstrumentationMemberAccessor.newInstance(InstrumentationMemberAccessor.java:188)
	at org.mockito.internal.util.reflection.InstrumentationMemberAccessor.newInstance(InstrumentationMemberAccessor.java:161)
	at org.mockito.internal.util.reflection.ModuleMemberAccessor.newInstance(ModuleMemberAccessor.java:42)
	at org.mockito.internal.util.reflection.FieldInitializer$NoArgConstructorInstantiator.instantiate(FieldInitializer.java:203)
	at org.mockito.internal.util.reflection.FieldInitializer.acquireFieldInstance(FieldInitializer.java:146)
	at org.mockito.internal.util.reflection.FieldInitializer.initialize(FieldInitializer.java:91)
	at org.mockito.internal.configuration.injection.PropertyAndSetterInjection.initializeInjectMocksField(PropertyAndSetterInjection.java:93)
	at org.mockito.internal.configuration.injection.PropertyAndSetterInjection.processInjection(PropertyAndSetterInjection.java:73)
	at org.mockito.internal.configuration.injection.MockInjectionStrategy.process(MockInjectionStrategy.java:68)
	at org.mockito.internal.configuration.injection.MockInjectionStrategy.relayProcessToNextStrategy(MockInjectionStrategy.java:91)
	at org.mockito.internal.configuration.injection.MockInjectionStrategy.process(MockInjectionStrategy.java:71)
	at org.mockito.internal.configuration.injection.MockInjectionStrategy.relayProcessToNextStrategy(MockInjectionStrategy.java:91)
	at org.mockito.internal.configuration.injection.MockInjectionStrategy.process(MockInjectionStrategy.java:71)
	at org.mockito.internal.configuration.injection.MockInjection$OngoingMockInjection.apply(MockInjection.java:88)
	at org.mockito.internal.configuration.DefaultInjectionEngine.injectMocksOnFields(DefaultInjectionEngine.java:26)
	at org.mockito.internal.configuration.InjectingAnnotationEngine.injectCloseableMocks(InjectingAnnotationEngine.java:107)
	at org.mockito.internal.configuration.InjectingAnnotationEngine.process(InjectingAnnotationEngine.java:48)
	at org.mockito.MockitoAnnotations.openMocks(MockitoAnnotations.java:81)
	at org.mockito.internal.framework.DefaultMockitoSession.<init>(DefaultMockitoSession.java:43)
	at org.mockito.internal.session.DefaultMockitoSessionBuilder.startMocking(DefaultMockitoSessionBuilder.java:83)
	... 3 more

com.animeapi.service.EpisodeServiceTest.findByAnime_ShouldReturnPublishedEpisodes -- Time elapsed: 0.002 s <<< ERROR!
org.mockito.exceptions.misusing.InjectMocksException: 

Cannot instantiate @InjectMocks field named 'episodeService' of type 'class com.animeapi.service.EpisodeService'.
You haven't provided the instance at field declaration so I tried to construct the instance.
However the constructor or the initialization block threw an exception : Unresolved compilation problems: 
	The blank final field episodeRepository may not have been initialized
	The blank final field animeRepository may not have been initialized
	The blank final field storageService may not have been initialized
	The method getSeasonNumber() is undefined for the type EpisodeRequest
	The method getEpisodeNumber() is undefined for the type EpisodeRequest
	The method getSeasonNumber() is undefined for the type EpisodeRequest
	The method getEpisodeNumber() is undefined for the type EpisodeRequest
	The method builder() is undefined for the type Episode
	The method getTitle() is undefined for the type EpisodeRequest
	The method getEpisodeNumber() is undefined for the type EpisodeRequest
	The method getSeasonNumber() is undefined for the type EpisodeRequest
	The method getSynopsis() is undefined for the type EpisodeRequest
	The method getDurationSeconds() is undefined for the type EpisodeRequest
	The method isPublished() is undefined for the type EpisodeRequest
	log cannot be resolved
	The method getSeasonNumber() is undefined for the type EpisodeRequest
	The method getEpisodeNumber() is undefined for the type EpisodeRequest
	The method getTitle() is undefined for the type EpisodeRequest
	The method getSynopsis() is undefined for the type EpisodeRequest
	The method getDurationSeconds() is undefined for the type EpisodeRequest
	The method isPublished() is undefined for the type EpisodeRequest
	log cannot be resolved
	The method getThumbnailUrl() is undefined for the type Episode
	The method getThumbnailUrl() is undefined for the type Episode
	The method setThumbnailUrl(String) is undefined for the type Episode
	log cannot be resolved
	The method getVideoFilename() is undefined for the type Episode
	The method getVideoFilename() is undefined for the type Episode
	The method getThumbnailUrl() is undefined for the type Episode
	The method getThumbnailUrl() is undefined for the type Episode
	log cannot be resolved
	The method getId() is undefined for the type Episode
	The method getAnime() is undefined for the type Episode
	The method getAnime() is undefined for the type Episode
	The method getTitle() is undefined for the type Episode
	The method getEpisodeNumber() is undefined for the type Episode
	The method getSeasonNumber() is undefined for the type Episode
	The method getSynopsis() is undefined for the type Episode
	The method getDurationSeconds() is undefined for the type Episode
	The method getThumbnailUrl() is undefined for the type Episode
	The method getThumbnailUrl() is undefined for the type Episode
	The method getVideoStatus() is undefined for the type Episode
	The method getViews() is undefined for the type Episode
	The method isPublished() is undefined for the type Episode
	The method getCreatedAt() is undefined for the type Episode
	The method getUpdatedAt() is undefined for the type Episode
	The method getVideoFilename() is undefined for the type Episode
	The method getId() is undefined for the type Episode


	at org.mockito.junit.jupiter.MockitoExtension.beforeEach(MockitoExtension.java:159)
	at java.base/java.util.ArrayList.forEach(ArrayList.java:1511)
	at java.base/java.util.ArrayList.forEach(ArrayList.java:1511)
	Suppressed: java.lang.NullPointerException: Cannot invoke "java.util.Set.forEach(java.util.function.Consumer)" because the return value of "org.junit.jupiter.api.extension.ExtensionContext$Store.remove(Object, java.lang.Class)" is null
		at org.mockito.junit.jupiter.MockitoExtension.afterEach(MockitoExtension.java:190)
		... 2 more
Caused by: java.lang.Error: Unresolved compilation problems: 
	The blank final field episodeRepository may not have been initialized
	The blank final field animeRepository may not have been initialized
	The blank final field storageService may not have been initialized
	The method getSeasonNumber() is undefined for the type EpisodeRequest
	The method getEpisodeNumber() is undefined for the type EpisodeRequest
	The method getSeasonNumber() is undefined for the type EpisodeRequest
	The method getEpisodeNumber() is undefined for the type EpisodeRequest
	The method builder() is undefined for the type Episode
	The method getTitle() is undefined for the type EpisodeRequest
	The method getEpisodeNumber() is undefined for the type EpisodeRequest
	The method getSeasonNumber() is undefined for the type EpisodeRequest
	The method getSynopsis() is undefined for the type EpisodeRequest
	The method getDurationSeconds() is undefined for the type EpisodeRequest
	The method isPublished() is undefined for the type EpisodeRequest
	log cannot be resolved
	The method getSeasonNumber() is undefined for the type EpisodeRequest
	The method getEpisodeNumber() is undefined for the type EpisodeRequest
	The method getTitle() is undefined for the type EpisodeRequest
	The method getSynopsis() is undefined for the type EpisodeRequest
	The method getDurationSeconds() is undefined for the type EpisodeRequest
	The method isPublished() is undefined for the type EpisodeRequest
	log cannot be resolved
	The method getThumbnailUrl() is undefined for the type Episode
	The method getThumbnailUrl() is undefined for the type Episode
	The method setThumbnailUrl(String) is undefined for the type Episode
	log cannot be resolved
	The method getVideoFilename() is undefined for the type Episode
	The method getVideoFilename() is undefined for the type Episode
	The method getThumbnailUrl() is undefined for the type Episode
	The method getThumbnailUrl() is undefined for the type Episode
	log cannot be resolved
	The method getId() is undefined for the type Episode
	The method getAnime() is undefined for the type Episode
	The method getAnime() is undefined for the type Episode
	The method getTitle() is undefined for the type Episode
	The method getEpisodeNumber() is undefined for the type Episode
	The method getSeasonNumber() is undefined for the type Episode
	The method getSynopsis() is undefined for the type Episode
	The method getDurationSeconds() is undefined for the type Episode
	The method getThumbnailUrl() is undefined for the type Episode
	The method getThumbnailUrl() is undefined for the type Episode
	The method getVideoStatus() is undefined for the type Episode
	The method getViews() is undefined for the type Episode
	The method isPublished() is undefined for the type Episode
	The method getCreatedAt() is undefined for the type Episode
	The method getUpdatedAt() is undefined for the type Episode
	The method getVideoFilename() is undefined for the type Episode
	The method getId() is undefined for the type Episode

	at com.animeapi.service.EpisodeService.<init>(EpisodeService.java:27)
	at java.base/java.lang.invoke.MethodHandle.invokeWithArguments(MethodHandle.java:732)
	at org.mockito.internal.util.reflection.InstrumentationMemberAccessor$Dispatcher$ByteBuddy$mTOQuAom.invokeWithArguments(Unknown Source)
	at org.mockito.internal.util.reflection.InstrumentationMemberAccessor.lambda$newInstance$0(InstrumentationMemberAccessor.java:199)
	at org.mockito.internal.util.reflection.InstrumentationMemberAccessor.newInstance(InstrumentationMemberAccessor.java:188)
	at org.mockito.internal.util.reflection.InstrumentationMemberAccessor.newInstance(InstrumentationMemberAccessor.java:161)
	at org.mockito.internal.util.reflection.ModuleMemberAccessor.newInstance(ModuleMemberAccessor.java:42)
	at org.mockito.internal.util.reflection.FieldInitializer$NoArgConstructorInstantiator.instantiate(FieldInitializer.java:203)
	at org.mockito.internal.util.reflection.FieldInitializer.acquireFieldInstance(FieldInitializer.java:146)
	at org.mockito.internal.util.reflection.FieldInitializer.initialize(FieldInitializer.java:91)
	at org.mockito.internal.configuration.injection.PropertyAndSetterInjection.initializeInjectMocksField(PropertyAndSetterInjection.java:93)
	at org.mockito.internal.configuration.injection.PropertyAndSetterInjection.processInjection(PropertyAndSetterInjection.java:73)
	at org.mockito.internal.configuration.injection.MockInjectionStrategy.process(MockInjectionStrategy.java:68)
	at org.mockito.internal.configuration.injection.MockInjectionStrategy.relayProcessToNextStrategy(MockInjectionStrategy.java:91)
	at org.mockito.internal.configuration.injection.MockInjectionStrategy.process(MockInjectionStrategy.java:71)
	at org.mockito.internal.configuration.injection.MockInjectionStrategy.relayProcessToNextStrategy(MockInjectionStrategy.java:91)
	at org.mockito.internal.configuration.injection.MockInjectionStrategy.process(MockInjectionStrategy.java:71)
	at org.mockito.internal.configuration.injection.MockInjection$OngoingMockInjection.apply(MockInjection.java:88)
	at org.mockito.internal.configuration.DefaultInjectionEngine.injectMocksOnFields(DefaultInjectionEngine.java:26)
	at org.mockito.internal.configuration.InjectingAnnotationEngine.injectCloseableMocks(InjectingAnnotationEngine.java:107)
	at org.mockito.internal.configuration.InjectingAnnotationEngine.process(InjectingAnnotationEngine.java:48)
	at org.mockito.MockitoAnnotations.openMocks(MockitoAnnotations.java:81)
	at org.mockito.internal.framework.DefaultMockitoSession.<init>(DefaultMockitoSession.java:43)
	at org.mockito.internal.session.DefaultMockitoSessionBuilder.startMocking(DefaultMockitoSessionBuilder.java:83)
	... 3 more

com.animeapi.service.EpisodeServiceTest.findById_ShouldReturnEpisode_WhenExists -- Time elapsed: 0.002 s <<< ERROR!
org.mockito.exceptions.misusing.InjectMocksException: 

Cannot instantiate @InjectMocks field named 'episodeService' of type 'class com.animeapi.service.EpisodeService'.
You haven't provided the instance at field declaration so I tried to construct the instance.
However the constructor or the initialization block threw an exception : Unresolved compilation problems: 
	The blank final field episodeRepository may not have been initialized
	The blank final field animeRepository may not have been initialized
	The blank final field storageService may not have been initialized
	The method getSeasonNumber() is undefined for the type EpisodeRequest
	The method getEpisodeNumber() is undefined for the type EpisodeRequest
	The method getSeasonNumber() is undefined for the type EpisodeRequest
	The method getEpisodeNumber() is undefined for the type EpisodeRequest
	The method builder() is undefined for the type Episode
	The method getTitle() is undefined for the type EpisodeRequest
	The method getEpisodeNumber() is undefined for the type EpisodeRequest
	The method getSeasonNumber() is undefined for the type EpisodeRequest
	The method getSynopsis() is undefined for the type EpisodeRequest
	The method getDurationSeconds() is undefined for the type EpisodeRequest
	The method isPublished() is undefined for the type EpisodeRequest
	log cannot be resolved
	The method getSeasonNumber() is undefined for the type EpisodeRequest
	The method getEpisodeNumber() is undefined for the type EpisodeRequest
	The method getTitle() is undefined for the type EpisodeRequest
	The method getSynopsis() is undefined for the type EpisodeRequest
	The method getDurationSeconds() is undefined for the type EpisodeRequest
	The method isPublished() is undefined for the type EpisodeRequest
	log cannot be resolved
	The method getThumbnailUrl() is undefined for the type Episode
	The method getThumbnailUrl() is undefined for the type Episode
	The method setThumbnailUrl(String) is undefined for the type Episode
	log cannot be resolved
	The method getVideoFilename() is undefined for the type Episode
	The method getVideoFilename() is undefined for the type Episode
	The method getThumbnailUrl() is undefined for the type Episode
	The method getThumbnailUrl() is undefined for the type Episode
	log cannot be resolved
	The method getId() is undefined for the type Episode
	The method getAnime() is undefined for the type Episode
	The method getAnime() is undefined for the type Episode
	The method getTitle() is undefined for the type Episode
	The method getEpisodeNumber() is undefined for the type Episode
	The method getSeasonNumber() is undefined for the type Episode
	The method getSynopsis() is undefined for the type Episode
	The method getDurationSeconds() is undefined for the type Episode
	The method getThumbnailUrl() is undefined for the type Episode
	The method getThumbnailUrl() is undefined for the type Episode
	The method getVideoStatus() is undefined for the type Episode
	The method getViews() is undefined for the type Episode
	The method isPublished() is undefined for the type Episode
	The method getCreatedAt() is undefined for the type Episode
	The method getUpdatedAt() is undefined for the type Episode
	The method getVideoFilename() is undefined for the type Episode
	The method getId() is undefined for the type Episode


	at org.mockito.junit.jupiter.MockitoExtension.beforeEach(MockitoExtension.java:159)
	at java.base/java.util.ArrayList.forEach(ArrayList.java:1511)
	at java.base/java.util.ArrayList.forEach(ArrayList.java:1511)
	Suppressed: java.lang.NullPointerException: Cannot invoke "java.util.Set.forEach(java.util.function.Consumer)" because the return value of "org.junit.jupiter.api.extension.ExtensionContext$Store.remove(Object, java.lang.Class)" is null
		at org.mockito.junit.jupiter.MockitoExtension.afterEach(MockitoExtension.java:190)
		... 2 more
Caused by: java.lang.Error: Unresolved compilation problems: 
	The blank final field episodeRepository may not have been initialized
	The blank final field animeRepository may not have been initialized
	The blank final field storageService may not have been initialized
	The method getSeasonNumber() is undefined for the type EpisodeRequest
	The method getEpisodeNumber() is undefined for the type EpisodeRequest
	The method getSeasonNumber() is undefined for the type EpisodeRequest
	The method getEpisodeNumber() is undefined for the type EpisodeRequest
	The method builder() is undefined for the type Episode
	The method getTitle() is undefined for the type EpisodeRequest
	The method getEpisodeNumber() is undefined for the type EpisodeRequest
	The method getSeasonNumber() is undefined for the type EpisodeRequest
	The method getSynopsis() is undefined for the type EpisodeRequest
	The method getDurationSeconds() is undefined for the type EpisodeRequest
	The method isPublished() is undefined for the type EpisodeRequest
	log cannot be resolved
	The method getSeasonNumber() is undefined for the type EpisodeRequest
	The method getEpisodeNumber() is undefined for the type EpisodeRequest
	The method getTitle() is undefined for the type EpisodeRequest
	The method getSynopsis() is undefined for the type EpisodeRequest
	The method getDurationSeconds() is undefined for the type EpisodeRequest
	The method isPublished() is undefined for the type EpisodeRequest
	log cannot be resolved
	The method getThumbnailUrl() is undefined for the type Episode
	The method getThumbnailUrl() is undefined for the type Episode
	The method setThumbnailUrl(String) is undefined for the type Episode
	log cannot be resolved
	The method getVideoFilename() is undefined for the type Episode
	The method getVideoFilename() is undefined for the type Episode
	The method getThumbnailUrl() is undefined for the type Episode
	The method getThumbnailUrl() is undefined for the type Episode
	log cannot be resolved
	The method getId() is undefined for the type Episode
	The method getAnime() is undefined for the type Episode
	The method getAnime() is undefined for the type Episode
	The method getTitle() is undefined for the type Episode
	The method getEpisodeNumber() is undefined for the type Episode
	The method getSeasonNumber() is undefined for the type Episode
	The method getSynopsis() is undefined for the type Episode
	The method getDurationSeconds() is undefined for the type Episode
	The method getThumbnailUrl() is undefined for the type Episode
	The method getThumbnailUrl() is undefined for the type Episode
	The method getVideoStatus() is undefined for the type Episode
	The method getViews() is undefined for the type Episode
	The method isPublished() is undefined for the type Episode
	The method getCreatedAt() is undefined for the type Episode
	The method getUpdatedAt() is undefined for the type Episode
	The method getVideoFilename() is undefined for the type Episode
	The method getId() is undefined for the type Episode

	at com.animeapi.service.EpisodeService.<init>(EpisodeService.java:27)
	at java.base/java.lang.invoke.MethodHandle.invokeWithArguments(MethodHandle.java:732)
	at org.mockito.internal.util.reflection.InstrumentationMemberAccessor$Dispatcher$ByteBuddy$mTOQuAom.invokeWithArguments(Unknown Source)
	at org.mockito.internal.util.reflection.InstrumentationMemberAccessor.lambda$newInstance$0(InstrumentationMemberAccessor.java:199)
	at org.mockito.internal.util.reflection.InstrumentationMemberAccessor.newInstance(InstrumentationMemberAccessor.java:188)
	at org.mockito.internal.util.reflection.InstrumentationMemberAccessor.newInstance(InstrumentationMemberAccessor.java:161)
	at org.mockito.internal.util.reflection.ModuleMemberAccessor.newInstance(ModuleMemberAccessor.java:42)
	at org.mockito.internal.util.reflection.FieldInitializer$NoArgConstructorInstantiator.instantiate(FieldInitializer.java:203)
	at org.mockito.internal.util.reflection.FieldInitializer.acquireFieldInstance(FieldInitializer.java:146)
	at org.mockito.internal.util.reflection.FieldInitializer.initialize(FieldInitializer.java:91)
	at org.mockito.internal.configuration.injection.PropertyAndSetterInjection.initializeInjectMocksField(PropertyAndSetterInjection.java:93)
	at org.mockito.internal.configuration.injection.PropertyAndSetterInjection.processInjection(PropertyAndSetterInjection.java:73)
	at org.mockito.internal.configuration.injection.MockInjectionStrategy.process(MockInjectionStrategy.java:68)
	at org.mockito.internal.configuration.injection.MockInjectionStrategy.relayProcessToNextStrategy(MockInjectionStrategy.java:91)
	at org.mockito.internal.configuration.injection.MockInjectionStrategy.process(MockInjectionStrategy.java:71)
	at org.mockito.internal.configuration.injection.MockInjectionStrategy.relayProcessToNextStrategy(MockInjectionStrategy.java:91)
	at org.mockito.internal.configuration.injection.MockInjectionStrategy.process(MockInjectionStrategy.java:71)
	at org.mockito.internal.configuration.injection.MockInjection$OngoingMockInjection.apply(MockInjection.java:88)
	at org.mockito.internal.configuration.DefaultInjectionEngine.injectMocksOnFields(DefaultInjectionEngine.java:26)
	at org.mockito.internal.configuration.InjectingAnnotationEngine.injectCloseableMocks(InjectingAnnotationEngine.java:107)
	at org.mockito.internal.configuration.InjectingAnnotationEngine.process(InjectingAnnotationEngine.java:48)
	at org.mockito.MockitoAnnotations.openMocks(MockitoAnnotations.java:81)
	at org.mockito.internal.framework.DefaultMockitoSession.<init>(DefaultMockitoSession.java:43)
	at org.mockito.internal.session.DefaultMockitoSessionBuilder.startMocking(DefaultMockitoSessionBuilder.java:83)
	... 3 more

com.animeapi.service.EpisodeServiceTest.incrementViews_ShouldCallRepository -- Time elapsed: 0.001 s <<< ERROR!
org.mockito.exceptions.misusing.InjectMocksException: 

Cannot instantiate @InjectMocks field named 'episodeService' of type 'class com.animeapi.service.EpisodeService'.
You haven't provided the instance at field declaration so I tried to construct the instance.
However the constructor or the initialization block threw an exception : Unresolved compilation problems: 
	The blank final field episodeRepository may not have been initialized
	The blank final field animeRepository may not have been initialized
	The blank final field storageService may not have been initialized
	The method getSeasonNumber() is undefined for the type EpisodeRequest
	The method getEpisodeNumber() is undefined for the type EpisodeRequest
	The method getSeasonNumber() is undefined for the type EpisodeRequest
	The method getEpisodeNumber() is undefined for the type EpisodeRequest
	The method builder() is undefined for the type Episode
	The method getTitle() is undefined for the type EpisodeRequest
	The method getEpisodeNumber() is undefined for the type EpisodeRequest
	The method getSeasonNumber() is undefined for the type EpisodeRequest
	The method getSynopsis() is undefined for the type EpisodeRequest
	The method getDurationSeconds() is undefined for the type EpisodeRequest
	The method isPublished() is undefined for the type EpisodeRequest
	log cannot be resolved
	The method getSeasonNumber() is undefined for the type EpisodeRequest
	The method getEpisodeNumber() is undefined for the type EpisodeRequest
	The method getTitle() is undefined for the type EpisodeRequest
	The method getSynopsis() is undefined for the type EpisodeRequest
	The method getDurationSeconds() is undefined for the type EpisodeRequest
	The method isPublished() is undefined for the type EpisodeRequest
	log cannot be resolved
	The method getThumbnailUrl() is undefined for the type Episode
	The method getThumbnailUrl() is undefined for the type Episode
	The method setThumbnailUrl(String) is undefined for the type Episode
	log cannot be resolved
	The method getVideoFilename() is undefined for the type Episode
	The method getVideoFilename() is undefined for the type Episode
	The method getThumbnailUrl() is undefined for the type Episode
	The method getThumbnailUrl() is undefined for the type Episode
	log cannot be resolved
	The method getId() is undefined for the type Episode
	The method getAnime() is undefined for the type Episode
	The method getAnime() is undefined for the type Episode
	The method getTitle() is undefined for the type Episode
	The method getEpisodeNumber() is undefined for the type Episode
	The method getSeasonNumber() is undefined for the type Episode
	The method getSynopsis() is undefined for the type Episode
	The method getDurationSeconds() is undefined for the type Episode
	The method getThumbnailUrl() is undefined for the type Episode
	The method getThumbnailUrl() is undefined for the type Episode
	The method getVideoStatus() is undefined for the type Episode
	The method getViews() is undefined for the type Episode
	The method isPublished() is undefined for the type Episode
	The method getCreatedAt() is undefined for the type Episode
	The method getUpdatedAt() is undefined for the type Episode
	The method getVideoFilename() is undefined for the type Episode
	The method getId() is undefined for the type Episode


	at org.mockito.junit.jupiter.MockitoExtension.beforeEach(MockitoExtension.java:159)
	at java.base/java.util.ArrayList.forEach(ArrayList.java:1511)
	at java.base/java.util.ArrayList.forEach(ArrayList.java:1511)
	Suppressed: java.lang.NullPointerException: Cannot invoke "java.util.Set.forEach(java.util.function.Consumer)" because the return value of "org.junit.jupiter.api.extension.ExtensionContext$Store.remove(Object, java.lang.Class)" is null
		at org.mockito.junit.jupiter.MockitoExtension.afterEach(MockitoExtension.java:190)
		... 2 more
Caused by: java.lang.Error: Unresolved compilation problems: 
	The blank final field episodeRepository may not have been initialized
	The blank final field animeRepository may not have been initialized
	The blank final field storageService may not have been initialized
	The method getSeasonNumber() is undefined for the type EpisodeRequest
	The method getEpisodeNumber() is undefined for the type EpisodeRequest
	The method getSeasonNumber() is undefined for the type EpisodeRequest
	The method getEpisodeNumber() is undefined for the type EpisodeRequest
	The method builder() is undefined for the type Episode
	The method getTitle() is undefined for the type EpisodeRequest
	The method getEpisodeNumber() is undefined for the type EpisodeRequest
	The method getSeasonNumber() is undefined for the type EpisodeRequest
	The method getSynopsis() is undefined for the type EpisodeRequest
	The method getDurationSeconds() is undefined for the type EpisodeRequest
	The method isPublished() is undefined for the type EpisodeRequest
	log cannot be resolved
	The method getSeasonNumber() is undefined for the type EpisodeRequest
	The method getEpisodeNumber() is undefined for the type EpisodeRequest
	The method getTitle() is undefined for the type EpisodeRequest
	The method getSynopsis() is undefined for the type EpisodeRequest
	The method getDurationSeconds() is undefined for the type EpisodeRequest
	The method isPublished() is undefined for the type EpisodeRequest
	log cannot be resolved
	The method getThumbnailUrl() is undefined for the type Episode
	The method getThumbnailUrl() is undefined for the type Episode
	The method setThumbnailUrl(String) is undefined for the type Episode
	log cannot be resolved
	The method getVideoFilename() is undefined for the type Episode
	The method getVideoFilename() is undefined for the type Episode
	The method getThumbnailUrl() is undefined for the type Episode
	The method getThumbnailUrl() is undefined for the type Episode
	log cannot be resolved
	The method getId() is undefined for the type Episode
	The method getAnime() is undefined for the type Episode
	The method getAnime() is undefined for the type Episode
	The method getTitle() is undefined for the type Episode
	The method getEpisodeNumber() is undefined for the type Episode
	The method getSeasonNumber() is undefined for the type Episode
	The method getSynopsis() is undefined for the type Episode
	The method getDurationSeconds() is undefined for the type Episode
	The method getThumbnailUrl() is undefined for the type Episode
	The method getThumbnailUrl() is undefined for the type Episode
	The method getVideoStatus() is undefined for the type Episode
	The method getViews() is undefined for the type Episode
	The method isPublished() is undefined for the type Episode
	The method getCreatedAt() is undefined for the type Episode
	The method getUpdatedAt() is undefined for the type Episode
	The method getVideoFilename() is undefined for the type Episode
	The method getId() is undefined for the type Episode

	at com.animeapi.service.EpisodeService.<init>(EpisodeService.java:27)
	at java.base/java.lang.invoke.MethodHandle.invokeWithArguments(MethodHandle.java:732)
	at org.mockito.internal.util.reflection.InstrumentationMemberAccessor$Dispatcher$ByteBuddy$mTOQuAom.invokeWithArguments(Unknown Source)
	at org.mockito.internal.util.reflection.InstrumentationMemberAccessor.lambda$newInstance$0(InstrumentationMemberAccessor.java:199)
	at org.mockito.internal.util.reflection.InstrumentationMemberAccessor.newInstance(InstrumentationMemberAccessor.java:188)
	at org.mockito.internal.util.reflection.InstrumentationMemberAccessor.newInstance(InstrumentationMemberAccessor.java:161)
	at org.mockito.internal.util.reflection.ModuleMemberAccessor.newInstance(ModuleMemberAccessor.java:42)
	at org.mockito.internal.util.reflection.FieldInitializer$NoArgConstructorInstantiator.instantiate(FieldInitializer.java:203)
	at org.mockito.internal.util.reflection.FieldInitializer.acquireFieldInstance(FieldInitializer.java:146)
	at org.mockito.internal.util.reflection.FieldInitializer.initialize(FieldInitializer.java:91)
	at org.mockito.internal.configuration.injection.PropertyAndSetterInjection.initializeInjectMocksField(PropertyAndSetterInjection.java:93)
	at org.mockito.internal.configuration.injection.PropertyAndSetterInjection.processInjection(PropertyAndSetterInjection.java:73)
	at org.mockito.internal.configuration.injection.MockInjectionStrategy.process(MockInjectionStrategy.java:68)
	at org.mockito.internal.configuration.injection.MockInjectionStrategy.relayProcessToNextStrategy(MockInjectionStrategy.java:91)
	at org.mockito.internal.configuration.injection.MockInjectionStrategy.process(MockInjectionStrategy.java:71)
	at org.mockito.internal.configuration.injection.MockInjectionStrategy.relayProcessToNextStrategy(MockInjectionStrategy.java:91)
	at org.mockito.internal.configuration.injection.MockInjectionStrategy.process(MockInjectionStrategy.java:71)
	at org.mockito.internal.configuration.injection.MockInjection$OngoingMockInjection.apply(MockInjection.java:88)
	at org.mockito.internal.configuration.DefaultInjectionEngine.injectMocksOnFields(DefaultInjectionEngine.java:26)
	at org.mockito.internal.configuration.InjectingAnnotationEngine.injectCloseableMocks(InjectingAnnotationEngine.java:107)
	at org.mockito.internal.configuration.InjectingAnnotationEngine.process(InjectingAnnotationEngine.java:48)
	at org.mockito.MockitoAnnotations.openMocks(MockitoAnnotations.java:81)
	at org.mockito.internal.framework.DefaultMockitoSession.<init>(DefaultMockitoSession.java:43)
	at org.mockito.internal.session.DefaultMockitoSessionBuilder.startMocking(DefaultMockitoSessionBuilder.java:83)
	... 3 more

