-------------------------------------------------------------------------------
Test set: com.animeapi.service.FavoriteServiceTest
-------------------------------------------------------------------------------
Tests run: 8, Failures: 0, Errors: 8, Skipped: 0, Time elapsed: 0.063 s <<< FAILURE! -- in com.animeapi.service.FavoriteServiceTest
com.animeapi.service.FavoriteServiceTest.getFavorites_ShouldReturnPage -- Time elapsed: 0.046 s <<< ERROR!
org.mockito.exceptions.misusing.InjectMocksException: 

Cannot instantiate @InjectMocks field named 'favoriteService' of type 'class com.animeapi.service.FavoriteService'.
You haven't provided the instance at field declaration so I tried to construct the instance.
However the constructor or the initialization block threw an exception : Unresolved compilation problems: 
	The blank final field favoriteRepository may not have been initialized
	The blank final field animeRepository may not have been initialized
	The blank final field animeService may not have been initialized
	The method getId() is undefined for the type User
	The method builder() is undefined for the type Favorite
	log cannot be resolved
	The method getId() is undefined for the type User
	The method getId() is undefined for the type User
	log cannot be resolved
	The method getId() is undefined for the type User
	The method getId() is undefined for the type User


	at org.mockito.junit.jupiter.MockitoExtension.beforeEach(MockitoExtension.java:159)
	at java.base/java.util.ArrayList.forEach(ArrayList.java:1511)
	at java.base/java.util.ArrayList.forEach(ArrayList.java:1511)
	Suppressed: java.lang.NullPointerException: Cannot invoke "java.util.Set.forEach(java.util.function.Consumer)" because the return value of "org.junit.jupiter.api.extension.ExtensionContext$Store.remove(Object, java.lang.Class)" is null
		at org.mockito.junit.jupiter.MockitoExtension.afterEach(MockitoExtension.java:190)
		... 2 more
Caused by: java.lang.Error: Unresolved compilation problems: 
	The blank final field favoriteRepository may not have been initialized
	The blank final field animeRepository may not have been initialized
	The blank final field animeService may not have been initialized
	The method getId() is undefined for the type User
	The method builder() is undefined for the type Favorite
	log cannot be resolved
	The method getId() is undefined for the type User
	The method getId() is undefined for the type User
	log cannot be resolved
	The method getId() is undefined for the type User
	The method getId() is undefined for the type User

	at com.animeapi.service.FavoriteService.<init>(FavoriteService.java:23)
	at java.base/java.lang.invoke.MethodHandle.invokeWithArguments(MethodHandle.java:732)
	at org.mockito.internal.util.reflection.InstrumentationMemberAccessor$Dispatcher$ByteBuddy$mTOQuAom.invokeWithArguments(Unknown Source)
	at org.mockito.internal.util.reflection.InstrumentationMemberAccessor.lambda$newInstance$0(InstrumentationMemberAccessor.java:199)
	at org.mockito.internal.util.reflection.InstrumentationMemberAccessor.newInstance(InstrumentationMemberAccessor.java:188)
	at org.mockito.internal.util.reflection.InstrumentationMemberAccessor.newInstance(InstrumentationMemberAccessor.java:161)
	at org.mockito.internal.util.reflection.ModuleMemberAccessor.newInstance(ModuleMemberAccessor.java:42)
	at org.mockito.internal.util.reflection.FieldInitializer$NoArgConstructorInstantiator.instantiate(FieldInitializer.java:203)
	at org.mockito.internal.util.reflection.FieldInitializer.acquireFieldInstance(FieldInitializer.java:146)
	at org.mockito.internal.util.reflection.FieldInitializer.initialize(FieldInitializer.java:91)
	at org.mockito.internal.configuration.injection.PropertyAndSetterInjection.initializeInjectMocksField(PropertyAndSetterInjection.java:93)
	at org.mockito.internal.configuration.injection.PropertyAndSetterInjection.processInjection(PropertyAndSetterInjection.java:73)
	at org.mockito.internal.configuration.injection.MockInjectionStrategy.process(MockInjectionStrategy.java:68)
	at org.mockito.internal.configuration.injection.MockInjectionStrategy.relayProcessToNextStrategy(MockInjectionStrategy.java:91)
	at org.mockito.internal.configuration.injection.MockInjectionStrategy.process(MockInjectionStrategy.java:71)
	at org.mockito.internal.configuration.injection.MockInjectionStrategy.relayProcessToNextStrategy(MockInjectionStrategy.java:91)
	at org.mockito.internal.configuration.injection.MockInjectionStrategy.process(MockInjectionStrategy.java:71)
	at org.mockito.internal.configuration.injection.MockInjection$OngoingMockInjection.apply(MockInjection.java:88)
	at org.mockito.internal.configuration.DefaultInjectionEngine.injectMocksOnFields(DefaultInjectionEngine.java:26)
	at org.mockito.internal.configuration.InjectingAnnotationEngine.injectCloseableMocks(InjectingAnnotationEngine.java:107)
	at org.mockito.internal.configuration.InjectingAnnotationEngine.process(InjectingAnnotationEngine.java:48)
	at org.mockito.MockitoAnnotations.openMocks(MockitoAnnotations.java:81)
	at org.mockito.internal.framework.DefaultMockitoSession.<init>(DefaultMockitoSession.java:43)
	at org.mockito.internal.session.DefaultMockitoSessionBuilder.startMocking(DefaultMockitoSessionBuilder.java:83)
	... 3 more

com.animeapi.service.FavoriteServiceTest.removeFavorite_ShouldThrow_WhenNotFound -- Time elapsed: 0.002 s <<< ERROR!
org.mockito.exceptions.misusing.InjectMocksException: 

Cannot instantiate @InjectMocks field named 'favoriteService' of type 'class com.animeapi.service.FavoriteService'.
You haven't provided the instance at field declaration so I tried to construct the instance.
However the constructor or the initialization block threw an exception : Unresolved compilation problems: 
	The blank final field favoriteRepository may not have been initialized
	The blank final field animeRepository may not have been initialized
	The blank final field animeService may not have been initialized
	The method getId() is undefined for the type User
	The method builder() is undefined for the type Favorite
	log cannot be resolved
	The method getId() is undefined for the type User
	The method getId() is undefined for the type User
	log cannot be resolved
	The method getId() is undefined for the type User
	The method getId() is undefined for the type User


	at org.mockito.junit.jupiter.MockitoExtension.beforeEach(MockitoExtension.java:159)
	at java.base/java.util.ArrayList.forEach(ArrayList.java:1511)
	at java.base/java.util.ArrayList.forEach(ArrayList.java:1511)
	Suppressed: java.lang.NullPointerException: Cannot invoke "java.util.Set.forEach(java.util.function.Consumer)" because the return value of "org.junit.jupiter.api.extension.ExtensionContext$Store.remove(Object, java.lang.Class)" is null
		at org.mockito.junit.jupiter.MockitoExtension.afterEach(MockitoExtension.java:190)
		... 2 more
Caused by: java.lang.Error: Unresolved compilation problems: 
	The blank final field favoriteRepository may not have been initialized
	The blank final field animeRepository may not have been initialized
	The blank final field animeService may not have been initialized
	The method getId() is undefined for the type User
	The method builder() is undefined for the type Favorite
	log cannot be resolved
	The method getId() is undefined for the type User
	The method getId() is undefined for the type User
	log cannot be resolved
	The method getId() is undefined for the type User
	The method getId() is undefined for the type User

	at com.animeapi.service.FavoriteService.<init>(FavoriteService.java:23)
	at java.base/java.lang.invoke.MethodHandle.invokeWithArguments(MethodHandle.java:732)
	at org.mockito.internal.util.reflection.InstrumentationMemberAccessor$Dispatcher$ByteBuddy$mTOQuAom.invokeWithArguments(Unknown Source)
	at org.mockito.internal.util.reflection.InstrumentationMemberAccessor.lambda$newInstance$0(InstrumentationMemberAccessor.java:199)
	at org.mockito.internal.util.reflection.InstrumentationMemberAccessor.newInstance(InstrumentationMemberAccessor.java:188)
	at org.mockito.internal.util.reflection.InstrumentationMemberAccessor.newInstance(InstrumentationMemberAccessor.java:161)
	at org.mockito.internal.util.reflection.ModuleMemberAccessor.newInstance(ModuleMemberAccessor.java:42)
	at org.mockito.internal.util.reflection.FieldInitializer$NoArgConstructorInstantiator.instantiate(FieldInitializer.java:203)
	at org.mockito.internal.util.reflection.FieldInitializer.acquireFieldInstance(FieldInitializer.java:146)
	at org.mockito.internal.util.reflection.FieldInitializer.initialize(FieldInitializer.java:91)
	at org.mockito.internal.configuration.injection.PropertyAndSetterInjection.initializeInjectMocksField(PropertyAndSetterInjection.java:93)
	at org.mockito.internal.configuration.injection.PropertyAndSetterInjection.processInjection(PropertyAndSetterInjection.java:73)
	at org.mockito.internal.configuration.injection.MockInjectionStrategy.process(MockInjectionStrategy.java:68)
	at org.mockito.internal.configuration.injection.MockInjectionStrategy.relayProcessToNextStrategy(MockInjectionStrategy.java:91)
	at org.mockito.internal.configuration.injection.MockInjectionStrategy.process(MockInjectionStrategy.java:71)
	at org.mockito.internal.configuration.injection.MockInjectionStrategy.relayProcessToNextStrategy(MockInjectionStrategy.java:91)
	at org.mockito.internal.configuration.injection.MockInjectionStrategy.process(MockInjectionStrategy.java:71)
	at org.mockito.internal.configuration.injection.MockInjection$OngoingMockInjection.apply(MockInjection.java:88)
	at org.mockito.internal.configuration.DefaultInjectionEngine.injectMocksOnFields(DefaultInjectionEngine.java:26)
	at org.mockito.internal.configuration.InjectingAnnotationEngine.injectCloseableMocks(InjectingAnnotationEngine.java:107)
	at org.mockito.internal.configuration.InjectingAnnotationEngine.process(InjectingAnnotationEngine.java:48)
	at org.mockito.MockitoAnnotations.openMocks(MockitoAnnotations.java:81)
	at org.mockito.internal.framework.DefaultMockitoSession.<init>(DefaultMockitoSession.java:43)
	at org.mockito.internal.session.DefaultMockitoSessionBuilder.startMocking(DefaultMockitoSessionBuilder.java:83)
	... 3 more

com.animeapi.service.FavoriteServiceTest.addFavorite_ShouldSave_WhenNotAlreadyFavorited -- Time elapsed: 0.002 s <<< ERROR!
org.mockito.exceptions.misusing.InjectMocksException: 

Cannot instantiate @InjectMocks field named 'favoriteService' of type 'class com.animeapi.service.FavoriteService'.
You haven't provided the instance at field declaration so I tried to construct the instance.
However the constructor or the initialization block threw an exception : Unresolved compilation problems: 
	The blank final field favoriteRepository may not have been initialized
	The blank final field animeRepository may not have been initialized
	The blank final field animeService may not have been initialized
	The method getId() is undefined for the type User
	The method builder() is undefined for the type Favorite
	log cannot be resolved
	The method getId() is undefined for the type User
	The method getId() is undefined for the type User
	log cannot be resolved
	The method getId() is undefined for the type User
	The method getId() is undefined for the type User


	at org.mockito.junit.jupiter.MockitoExtension.beforeEach(MockitoExtension.java:159)
	at java.base/java.util.ArrayList.forEach(ArrayList.java:1511)
	at java.base/java.util.ArrayList.forEach(ArrayList.java:1511)
	Suppressed: java.lang.NullPointerException: Cannot invoke "java.util.Set.forEach(java.util.function.Consumer)" because the return value of "org.junit.jupiter.api.extension.ExtensionContext$Store.remove(Object, java.lang.Class)" is null
		at org.mockito.junit.jupiter.MockitoExtension.afterEach(MockitoExtension.java:190)
		... 2 more
Caused by: java.lang.Error: Unresolved compilation problems: 
	The blank final field favoriteRepository may not have been initialized
	The blank final field animeRepository may not have been initialized
	The blank final field animeService may not have been initialized
	The method getId() is undefined for the type User
	The method builder() is undefined for the type Favorite
	log cannot be resolved
	The method getId() is undefined for the type User
	The method getId() is undefined for the type User
	log cannot be resolved
	The method getId() is undefined for the type User
	The method getId() is undefined for the type User

	at com.animeapi.service.FavoriteService.<init>(FavoriteService.java:23)
	at java.base/java.lang.invoke.MethodHandle.invokeWithArguments(MethodHandle.java:732)
	at org.mockito.internal.util.reflection.InstrumentationMemberAccessor$Dispatcher$ByteBuddy$mTOQuAom.invokeWithArguments(Unknown Source)
	at org.mockito.internal.util.reflection.InstrumentationMemberAccessor.lambda$newInstance$0(InstrumentationMemberAccessor.java:199)
	at org.mockito.internal.util.reflection.InstrumentationMemberAccessor.newInstance(InstrumentationMemberAccessor.java:188)
	at org.mockito.internal.util.reflection.InstrumentationMemberAccessor.newInstance(InstrumentationMemberAccessor.java:161)
	at org.mockito.internal.util.reflection.ModuleMemberAccessor.newInstance(ModuleMemberAccessor.java:42)
	at org.mockito.internal.util.reflection.FieldInitializer$NoArgConstructorInstantiator.instantiate(FieldInitializer.java:203)
	at org.mockito.internal.util.reflection.FieldInitializer.acquireFieldInstance(FieldInitializer.java:146)
	at org.mockito.internal.util.reflection.FieldInitializer.initialize(FieldInitializer.java:91)
	at org.mockito.internal.configuration.injection.PropertyAndSetterInjection.initializeInjectMocksField(PropertyAndSetterInjection.java:93)
	at org.mockito.internal.configuration.injection.PropertyAndSetterInjection.processInjection(PropertyAndSetterInjection.java:73)
	at org.mockito.internal.configuration.injection.MockInjectionStrategy.process(MockInjectionStrategy.java:68)
	at org.mockito.internal.configuration.injection.MockInjectionStrategy.relayProcessToNextStrategy(MockInjectionStrategy.java:91)
	at org.mockito.internal.configuration.injection.MockInjectionStrategy.process(MockInjectionStrategy.java:71)
	at org.mockito.internal.configuration.injection.MockInjectionStrategy.relayProcessToNextStrategy(MockInjectionStrategy.java:91)
	at org.mockito.internal.configuration.injection.MockInjectionStrategy.process(MockInjectionStrategy.java:71)
	at org.mockito.internal.configuration.injection.MockInjection$OngoingMockInjection.apply(MockInjection.java:88)
	at org.mockito.internal.configuration.DefaultInjectionEngine.injectMocksOnFields(DefaultInjectionEngine.java:26)
	at org.mockito.internal.configuration.InjectingAnnotationEngine.injectCloseableMocks(InjectingAnnotationEngine.java:107)
	at org.mockito.internal.configuration.InjectingAnnotationEngine.process(InjectingAnnotationEngine.java:48)
	at org.mockito.MockitoAnnotations.openMocks(MockitoAnnotations.java:81)
	at org.mockito.internal.framework.DefaultMockitoSession.<init>(DefaultMockitoSession.java:43)
	at org.mockito.internal.session.DefaultMockitoSessionBuilder.startMocking(DefaultMockitoSessionBuilder.java:83)
	... 3 more

com.animeapi.service.FavoriteServiceTest.isFavorite_ShouldReturnFalse_WhenNotFavorited -- Time elapsed: 0.001 s <<< ERROR!
org.mockito.exceptions.misusing.InjectMocksException: 

Cannot instantiate @InjectMocks field named 'favoriteService' of type 'class com.animeapi.service.FavoriteService'.
You haven't provided the instance at field declaration so I tried to construct the instance.
However the constructor or the initialization block threw an exception : Unresolved compilation problems: 
	The blank final field favoriteRepository may not have been initialized
	The blank final field animeRepository may not have been initialized
	The blank final field animeService may not have been initialized
	The method getId() is undefined for the type User
	The method builder() is undefined for the type Favorite
	log cannot be resolved
	The method getId() is undefined for the type User
	The method getId() is undefined for the type User
	log cannot be resolved
	The method getId() is undefined for the type User
	The method getId() is undefined for the type User


	at org.mockito.junit.jupiter.MockitoExtension.beforeEach(MockitoExtension.java:159)
	at java.base/java.util.ArrayList.forEach(ArrayList.java:1511)
	at java.base/java.util.ArrayList.forEach(ArrayList.java:1511)
	Suppressed: java.lang.NullPointerException: Cannot invoke "java.util.Set.forEach(java.util.function.Consumer)" because the return value of "org.junit.jupiter.api.extension.ExtensionContext$Store.remove(Object, java.lang.Class)" is null
		at org.mockito.junit.jupiter.MockitoExtension.afterEach(MockitoExtension.java:190)
		... 2 more
Caused by: java.lang.Error: Unresolved compilation problems: 
	The blank final field favoriteRepository may not have been initialized
	The blank final field animeRepository may not have been initialized
	The blank final field animeService may not have been initialized
	The method getId() is undefined for the type User
	The method builder() is undefined for the type Favorite
	log cannot be resolved
	The method getId() is undefined for the type User
	The method getId() is undefined for the type User
	log cannot be resolved
	The method getId() is undefined for the type User
	The method getId() is undefined for the type User

	at com.animeapi.service.FavoriteService.<init>(FavoriteService.java:23)
	at java.base/java.lang.invoke.MethodHandle.invokeWithArguments(MethodHandle.java:732)
	at org.mockito.internal.util.reflection.InstrumentationMemberAccessor$Dispatcher$ByteBuddy$mTOQuAom.invokeWithArguments(Unknown Source)
	at org.mockito.internal.util.reflection.InstrumentationMemberAccessor.lambda$newInstance$0(InstrumentationMemberAccessor.java:199)
	at org.mockito.internal.util.reflection.InstrumentationMemberAccessor.newInstance(InstrumentationMemberAccessor.java:188)
	at org.mockito.internal.util.reflection.InstrumentationMemberAccessor.newInstance(InstrumentationMemberAccessor.java:161)
	at org.mockito.internal.util.reflection.ModuleMemberAccessor.newInstance(ModuleMemberAccessor.java:42)
	at org.mockito.internal.util.reflection.FieldInitializer$NoArgConstructorInstantiator.instantiate(FieldInitializer.java:203)
	at org.mockito.internal.util.reflection.FieldInitializer.acquireFieldInstance(FieldInitializer.java:146)
	at org.mockito.internal.util.reflection.FieldInitializer.initialize(FieldInitializer.java:91)
	at org.mockito.internal.configuration.injection.PropertyAndSetterInjection.initializeInjectMocksField(PropertyAndSetterInjection.java:93)
	at org.mockito.internal.configuration.injection.PropertyAndSetterInjection.processInjection(PropertyAndSetterInjection.java:73)
	at org.mockito.internal.configuration.injection.MockInjectionStrategy.process(MockInjectionStrategy.java:68)
	at org.mockito.internal.configuration.injection.MockInjectionStrategy.relayProcessToNextStrategy(MockInjectionStrategy.java:91)
	at org.mockito.internal.configuration.injection.MockInjectionStrategy.process(MockInjectionStrategy.java:71)
	at org.mockito.internal.configuration.injection.MockInjectionStrategy.relayProcessToNextStrategy(MockInjectionStrategy.java:91)
	at org.mockito.internal.configuration.injection.MockInjectionStrategy.process(MockInjectionStrategy.java:71)
	at org.mockito.internal.configuration.injection.MockInjection$OngoingMockInjection.apply(MockInjection.java:88)
	at org.mockito.internal.configuration.DefaultInjectionEngine.injectMocksOnFields(DefaultInjectionEngine.java:26)
	at org.mockito.internal.configuration.InjectingAnnotationEngine.injectCloseableMocks(InjectingAnnotationEngine.java:107)
	at org.mockito.internal.configuration.InjectingAnnotationEngine.process(InjectingAnnotationEngine.java:48)
	at org.mockito.MockitoAnnotations.openMocks(MockitoAnnotations.java:81)
	at org.mockito.internal.framework.DefaultMockitoSession.<init>(DefaultMockitoSession.java:43)
	at org.mockito.internal.session.DefaultMockitoSessionBuilder.startMocking(DefaultMockitoSessionBuilder.java:83)
	... 3 more

com.animeapi.service.FavoriteServiceTest.addFavorite_ShouldThrow_WhenAlreadyFavorited -- Time elapsed: 0.002 s <<< ERROR!
org.mockito.exceptions.misusing.InjectMocksException: 

Cannot instantiate @InjectMocks field named 'favoriteService' of type 'class com.animeapi.service.FavoriteService'.
You haven't provided the instance at field declaration so I tried to construct the instance.
However the constructor or the initialization block threw an exception : Unresolved compilation problems: 
	The blank final field favoriteRepository may not have been initialized
	The blank final field animeRepository may not have been initialized
	The blank final field animeService may not have been initialized
	The method getId() is undefined for the type User
	The method builder() is undefined for the type Favorite
	log cannot be resolved
	The method getId() is undefined for the type User
	The method getId() is undefined for the type User
	log cannot be resolved
	The method getId() is undefined for the type User
	The method getId() is undefined for the type User


	at org.mockito.junit.jupiter.MockitoExtension.beforeEach(MockitoExtension.java:159)
	at java.base/java.util.ArrayList.forEach(ArrayList.java:1511)
	at java.base/java.util.ArrayList.forEach(ArrayList.java:1511)
	Suppressed: java.lang.NullPointerException: Cannot invoke "java.util.Set.forEach(java.util.function.Consumer)" because the return value of "org.junit.jupiter.api.extension.ExtensionContext$Store.remove(Object, java.lang.Class)" is null
		at org.mockito.junit.jupiter.MockitoExtension.afterEach(MockitoExtension.java:190)
		... 2 more
Caused by: java.lang.Error: Unresolved compilation problems: 
	The blank final field favoriteRepository may not have been initialized
	The blank final field animeRepository may not have been initialized
	The blank final field animeService may not have been initialized
	The method getId() is undefined for the type User
	The method builder() is undefined for the type Favorite
	log cannot be resolved
	The method getId() is undefined for the type User
	The method getId() is undefined for the type User
	log cannot be resolved
	The method getId() is undefined for the type User
	The method getId() is undefined for the type User

	at com.animeapi.service.FavoriteService.<init>(FavoriteService.java:23)
	at java.base/java.lang.invoke.MethodHandle.invokeWithArguments(MethodHandle.java:732)
	at org.mockito.internal.util.reflection.InstrumentationMemberAccessor$Dispatcher$ByteBuddy$mTOQuAom.invokeWithArguments(Unknown Source)
	at org.mockito.internal.util.reflection.InstrumentationMemberAccessor.lambda$newInstance$0(InstrumentationMemberAccessor.java:199)
	at org.mockito.internal.util.reflection.InstrumentationMemberAccessor.newInstance(InstrumentationMemberAccessor.java:188)
	at org.mockito.internal.util.reflection.InstrumentationMemberAccessor.newInstance(InstrumentationMemberAccessor.java:161)
	at org.mockito.internal.util.reflection.ModuleMemberAccessor.newInstance(ModuleMemberAccessor.java:42)
	at org.mockito.internal.util.reflection.FieldInitializer$NoArgConstructorInstantiator.instantiate(FieldInitializer.java:203)
	at org.mockito.internal.util.reflection.FieldInitializer.acquireFieldInstance(FieldInitializer.java:146)
	at org.mockito.internal.util.reflection.FieldInitializer.initialize(FieldInitializer.java:91)
	at org.mockito.internal.configuration.injection.PropertyAndSetterInjection.initializeInjectMocksField(PropertyAndSetterInjection.java:93)
	at org.mockito.internal.configuration.injection.PropertyAndSetterInjection.processInjection(PropertyAndSetterInjection.java:73)
	at org.mockito.internal.configuration.injection.MockInjectionStrategy.process(MockInjectionStrategy.java:68)
	at org.mockito.internal.configuration.injection.MockInjectionStrategy.relayProcessToNextStrategy(MockInjectionStrategy.java:91)
	at org.mockito.internal.configuration.injection.MockInjectionStrategy.process(MockInjectionStrategy.java:71)
	at org.mockito.internal.configuration.injection.MockInjectionStrategy.relayProcessToNextStrategy(MockInjectionStrategy.java:91)
	at org.mockito.internal.configuration.injection.MockInjectionStrategy.process(MockInjectionStrategy.java:71)
	at org.mockito.internal.configuration.injection.MockInjection$OngoingMockInjection.apply(MockInjection.java:88)
	at org.mockito.internal.configuration.DefaultInjectionEngine.injectMocksOnFields(DefaultInjectionEngine.java:26)
	at org.mockito.internal.configuration.InjectingAnnotationEngine.injectCloseableMocks(InjectingAnnotationEngine.java:107)
	at org.mockito.internal.configuration.InjectingAnnotationEngine.process(InjectingAnnotationEngine.java:48)
	at org.mockito.MockitoAnnotations.openMocks(MockitoAnnotations.java:81)
	at org.mockito.internal.framework.DefaultMockitoSession.<init>(DefaultMockitoSession.java:43)
	at org.mockito.internal.session.DefaultMockitoSessionBuilder.startMocking(DefaultMockitoSessionBuilder.java:83)
	... 3 more

com.animeapi.service.FavoriteServiceTest.addFavorite_ShouldThrow_WhenAnimeNotFound -- Time elapsed: 0.001 s <<< ERROR!
org.mockito.exceptions.misusing.InjectMocksException: 

Cannot instantiate @InjectMocks field named 'favoriteService' of type 'class com.animeapi.service.FavoriteService'.
You haven't provided the instance at field declaration so I tried to construct the instance.
However the constructor or the initialization block threw an exception : Unresolved compilation problems: 
	The blank final field favoriteRepository may not have been initialized
	The blank final field animeRepository may not have been initialized
	The blank final field animeService may not have been initialized
	The method getId() is undefined for the type User
	The method builder() is undefined for the type Favorite
	log cannot be resolved
	The method getId() is undefined for the type User
	The method getId() is undefined for the type User
	log cannot be resolved
	The method getId() is undefined for the type User
	The method getId() is undefined for the type User


	at org.mockito.junit.jupiter.MockitoExtension.beforeEach(MockitoExtension.java:159)
	at java.base/java.util.ArrayList.forEach(ArrayList.java:1511)
	at java.base/java.util.ArrayList.forEach(ArrayList.java:1511)
	Suppressed: java.lang.NullPointerException: Cannot invoke "java.util.Set.forEach(java.util.function.Consumer)" because the return value of "org.junit.jupiter.api.extension.ExtensionContext$Store.remove(Object, java.lang.Class)" is null
		at org.mockito.junit.jupiter.MockitoExtension.afterEach(MockitoExtension.java:190)
		... 2 more
Caused by: java.lang.Error: Unresolved compilation problems: 
	The blank final field favoriteRepository may not have been initialized
	The blank final field animeRepository may not have been initialized
	The blank final field animeService may not have been initialized
	The method getId() is undefined for the type User
	The method builder() is undefined for the type Favorite
	log cannot be resolved
	The method getId() is undefined for the type User
	The method getId() is undefined for the type User
	log cannot be resolved
	The method getId() is undefined for the type User
	The method getId() is undefined for the type User

	at com.animeapi.service.FavoriteService.<init>(FavoriteService.java:23)
	at java.base/java.lang.invoke.MethodHandle.invokeWithArguments(MethodHandle.java:732)
	at org.mockito.internal.util.reflection.InstrumentationMemberAccessor$Dispatcher$ByteBuddy$mTOQuAom.invokeWithArguments(Unknown Source)
	at org.mockito.internal.util.reflection.InstrumentationMemberAccessor.lambda$newInstance$0(InstrumentationMemberAccessor.java:199)
	at org.mockito.internal.util.reflection.InstrumentationMemberAccessor.newInstance(InstrumentationMemberAccessor.java:188)
	at org.mockito.internal.util.reflection.InstrumentationMemberAccessor.newInstance(InstrumentationMemberAccessor.java:161)
	at org.mockito.internal.util.reflection.ModuleMemberAccessor.newInstance(ModuleMemberAccessor.java:42)
	at org.mockito.internal.util.reflection.FieldInitializer$NoArgConstructorInstantiator.instantiate(FieldInitializer.java:203)
	at org.mockito.internal.util.reflection.FieldInitializer.acquireFieldInstance(FieldInitializer.java:146)
	at org.mockito.internal.util.reflection.FieldInitializer.initialize(FieldInitializer.java:91)
	at org.mockito.internal.configuration.injection.PropertyAndSetterInjection.initializeInjectMocksField(PropertyAndSetterInjection.java:93)
	at org.mockito.internal.configuration.injection.PropertyAndSetterInjection.processInjection(PropertyAndSetterInjection.java:73)
	at org.mockito.internal.configuration.injection.MockInjectionStrategy.process(MockInjectionStrategy.java:68)
	at org.mockito.internal.configuration.injection.MockInjectionStrategy.relayProcessToNextStrategy(MockInjectionStrategy.java:91)
	at org.mockito.internal.configuration.injection.MockInjectionStrategy.process(MockInjectionStrategy.java:71)
	at org.mockito.internal.configuration.injection.MockInjectionStrategy.relayProcessToNextStrategy(MockInjectionStrategy.java:91)
	at org.mockito.internal.configuration.injection.MockInjectionStrategy.process(MockInjectionStrategy.java:71)
	at org.mockito.internal.configuration.injection.MockInjection$OngoingMockInjection.apply(MockInjection.java:88)
	at org.mockito.internal.configuration.DefaultInjectionEngine.injectMocksOnFields(DefaultInjectionEngine.java:26)
	at org.mockito.internal.configuration.InjectingAnnotationEngine.injectCloseableMocks(InjectingAnnotationEngine.java:107)
	at org.mockito.internal.configuration.InjectingAnnotationEngine.process(InjectingAnnotationEngine.java:48)
	at org.mockito.MockitoAnnotations.openMocks(MockitoAnnotations.java:81)
	at org.mockito.internal.framework.DefaultMockitoSession.<init>(DefaultMockitoSession.java:43)
	at org.mockito.internal.session.DefaultMockitoSessionBuilder.startMocking(DefaultMockitoSessionBuilder.java:83)
	... 3 more

com.animeapi.service.FavoriteServiceTest.isFavorite_ShouldReturnTrue_WhenFavorited -- Time elapsed: 0.001 s <<< ERROR!
org.mockito.exceptions.misusing.InjectMocksException: 

Cannot instantiate @InjectMocks field named 'favoriteService' of type 'class com.animeapi.service.FavoriteService'.
You haven't provided the instance at field declaration so I tried to construct the instance.
However the constructor or the initialization block threw an exception : Unresolved compilation problems: 
	The blank final field favoriteRepository may not have been initialized
	The blank final field animeRepository may not have been initialized
	The blank final field animeService may not have been initialized
	The method getId() is undefined for the type User
	The method builder() is undefined for the type Favorite
	log cannot be resolved
	The method getId() is undefined for the type User
	The method getId() is undefined for the type User
	log cannot be resolved
	The method getId() is undefined for the type User
	The method getId() is undefined for the type User


	at org.mockito.junit.jupiter.MockitoExtension.beforeEach(MockitoExtension.java:159)
	at java.base/java.util.ArrayList.forEach(ArrayList.java:1511)
	at java.base/java.util.ArrayList.forEach(ArrayList.java:1511)
	Suppressed: java.lang.NullPointerException: Cannot invoke "java.util.Set.forEach(java.util.function.Consumer)" because the return value of "org.junit.jupiter.api.extension.ExtensionContext$Store.remove(Object, java.lang.Class)" is null
		at org.mockito.junit.jupiter.MockitoExtension.afterEach(MockitoExtension.java:190)
		... 2 more
Caused by: java.lang.Error: Unresolved compilation problems: 
	The blank final field favoriteRepository may not have been initialized
	The blank final field animeRepository may not have been initialized
	The blank final field animeService may not have been initialized
	The method getId() is undefined for the type User
	The method builder() is undefined for the type Favorite
	log cannot be resolved
	The method getId() is undefined for the type User
	The method getId() is undefined for the type User
	log cannot be resolved
	The method getId() is undefined for the type User
	The method getId() is undefined for the type User

	at com.animeapi.service.FavoriteService.<init>(FavoriteService.java:23)
	at java.base/java.lang.invoke.MethodHandle.invokeWithArguments(MethodHandle.java:732)
	at org.mockito.internal.util.reflection.InstrumentationMemberAccessor$Dispatcher$ByteBuddy$mTOQuAom.invokeWithArguments(Unknown Source)
	at org.mockito.internal.util.reflection.InstrumentationMemberAccessor.lambda$newInstance$0(InstrumentationMemberAccessor.java:199)
	at org.mockito.internal.util.reflection.InstrumentationMemberAccessor.newInstance(InstrumentationMemberAccessor.java:188)
	at org.mockito.internal.util.reflection.InstrumentationMemberAccessor.newInstance(InstrumentationMemberAccessor.java:161)
	at org.mockito.internal.util.reflection.ModuleMemberAccessor.newInstance(ModuleMemberAccessor.java:42)
	at org.mockito.internal.util.reflection.FieldInitializer$NoArgConstructorInstantiator.instantiate(FieldInitializer.java:203)
	at org.mockito.internal.util.reflection.FieldInitializer.acquireFieldInstance(FieldInitializer.java:146)
	at org.mockito.internal.util.reflection.FieldInitializer.initialize(FieldInitializer.java:91)
	at org.mockito.internal.configuration.injection.PropertyAndSetterInjection.initializeInjectMocksField(PropertyAndSetterInjection.java:93)
	at org.mockito.internal.configuration.injection.PropertyAndSetterInjection.processInjection(PropertyAndSetterInjection.java:73)
	at org.mockito.internal.configuration.injection.MockInjectionStrategy.process(MockInjectionStrategy.java:68)
	at org.mockito.internal.configuration.injection.MockInjectionStrategy.relayProcessToNextStrategy(MockInjectionStrategy.java:91)
	at org.mockito.internal.configuration.injection.MockInjectionStrategy.process(MockInjectionStrategy.java:71)
	at org.mockito.internal.configuration.injection.MockInjectionStrategy.relayProcessToNextStrategy(MockInjectionStrategy.java:91)
	at org.mockito.internal.configuration.injection.MockInjectionStrategy.process(MockInjectionStrategy.java:71)
	at org.mockito.internal.configuration.injection.MockInjection$OngoingMockInjection.apply(MockInjection.java:88)
	at org.mockito.internal.configuration.DefaultInjectionEngine.injectMocksOnFields(DefaultInjectionEngine.java:26)
	at org.mockito.internal.configuration.InjectingAnnotationEngine.injectCloseableMocks(InjectingAnnotationEngine.java:107)
	at org.mockito.internal.configuration.InjectingAnnotationEngine.process(InjectingAnnotationEngine.java:48)
	at org.mockito.MockitoAnnotations.openMocks(MockitoAnnotations.java:81)
	at org.mockito.internal.framework.DefaultMockitoSession.<init>(DefaultMockitoSession.java:43)
	at org.mockito.internal.session.DefaultMockitoSessionBuilder.startMocking(DefaultMockitoSessionBuilder.java:83)
	... 3 more

com.animeapi.service.FavoriteServiceTest.removeFavorite_ShouldDelete_WhenExists -- Time elapsed: 0.002 s <<< ERROR!
org.mockito.exceptions.misusing.InjectMocksException: 

Cannot instantiate @InjectMocks field named 'favoriteService' of type 'class com.animeapi.service.FavoriteService'.
You haven't provided the instance at field declaration so I tried to construct the instance.
However the constructor or the initialization block threw an exception : Unresolved compilation problems: 
	The blank final field favoriteRepository may not have been initialized
	The blank final field animeRepository may not have been initialized
	The blank final field animeService may not have been initialized
	The method getId() is undefined for the type User
	The method builder() is undefined for the type Favorite
	log cannot be resolved
	The method getId() is undefined for the type User
	The method getId() is undefined for the type User
	log cannot be resolved
	The method getId() is undefined for the type User
	The method getId() is undefined for the type User


	at org.mockito.junit.jupiter.MockitoExtension.beforeEach(MockitoExtension.java:159)
	at java.base/java.util.ArrayList.forEach(ArrayList.java:1511)
	at java.base/java.util.ArrayList.forEach(ArrayList.java:1511)
	Suppressed: java.lang.NullPointerException: Cannot invoke "java.util.Set.forEach(java.util.function.Consumer)" because the return value of "org.junit.jupiter.api.extension.ExtensionContext$Store.remove(Object, java.lang.Class)" is null
		at org.mockito.junit.jupiter.MockitoExtension.afterEach(MockitoExtension.java:190)
		... 2 more
Caused by: java.lang.Error: Unresolved compilation problems: 
	The blank final field favoriteRepository may not have been initialized
	The blank final field animeRepository may not have been initialized
	The blank final field animeService may not have been initialized
	The method getId() is undefined for the type User
	The method builder() is undefined for the type Favorite
	log cannot be resolved
	The method getId() is undefined for the type User
	The method getId() is undefined for the type User
	log cannot be resolved
	The method getId() is undefined for the type User
	The method getId() is undefined for the type User

	at com.animeapi.service.FavoriteService.<init>(FavoriteService.java:23)
	at java.base/java.lang.invoke.MethodHandle.invokeWithArguments(MethodHandle.java:732)
	at org.mockito.internal.util.reflection.InstrumentationMemberAccessor$Dispatcher$ByteBuddy$mTOQuAom.invokeWithArguments(Unknown Source)
	at org.mockito.internal.util.reflection.InstrumentationMemberAccessor.lambda$newInstance$0(InstrumentationMemberAccessor.java:199)
	at org.mockito.internal.util.reflection.InstrumentationMemberAccessor.newInstance(InstrumentationMemberAccessor.java:188)
	at org.mockito.internal.util.reflection.InstrumentationMemberAccessor.newInstance(InstrumentationMemberAccessor.java:161)
	at org.mockito.internal.util.reflection.ModuleMemberAccessor.newInstance(ModuleMemberAccessor.java:42)
	at org.mockito.internal.util.reflection.FieldInitializer$NoArgConstructorInstantiator.instantiate(FieldInitializer.java:203)
	at org.mockito.internal.util.reflection.FieldInitializer.acquireFieldInstance(FieldInitializer.java:146)
	at org.mockito.internal.util.reflection.FieldInitializer.initialize(FieldInitializer.java:91)
	at org.mockito.internal.configuration.injection.PropertyAndSetterInjection.initializeInjectMocksField(PropertyAndSetterInjection.java:93)
	at org.mockito.internal.configuration.injection.PropertyAndSetterInjection.processInjection(PropertyAndSetterInjection.java:73)
	at org.mockito.internal.configuration.injection.MockInjectionStrategy.process(MockInjectionStrategy.java:68)
	at org.mockito.internal.configuration.injection.MockInjectionStrategy.relayProcessToNextStrategy(MockInjectionStrategy.java:91)
	at org.mockito.internal.configuration.injection.MockInjectionStrategy.process(MockInjectionStrategy.java:71)
	at org.mockito.internal.configuration.injection.MockInjectionStrategy.relayProcessToNextStrategy(MockInjectionStrategy.java:91)
	at org.mockito.internal.configuration.injection.MockInjectionStrategy.process(MockInjectionStrategy.java:71)
	at org.mockito.internal.configuration.injection.MockInjection$OngoingMockInjection.apply(MockInjection.java:88)
	at org.mockito.internal.configuration.DefaultInjectionEngine.injectMocksOnFields(DefaultInjectionEngine.java:26)
	at org.mockito.internal.configuration.InjectingAnnotationEngine.injectCloseableMocks(InjectingAnnotationEngine.java:107)
	at org.mockito.internal.configuration.InjectingAnnotationEngine.process(InjectingAnnotationEngine.java:48)
	at org.mockito.MockitoAnnotations.openMocks(MockitoAnnotations.java:81)
	at org.mockito.internal.framework.DefaultMockitoSession.<init>(DefaultMockitoSession.java:43)
	at org.mockito.internal.session.DefaultMockitoSessionBuilder.startMocking(DefaultMockitoSessionBuilder.java:83)
	... 3 more

